This is LuaTeX, Version beta-0.70.1-2011061416 (rev 4277)  (format=lualatex 2012.1.6)  29 FEB 2012 15:30
 restricted \write18 enabled.
**book_main.tex
(./book_main.tex
LaTeX2e <2011/06/27>
LuaTeX adaptation of babel <v3.8l-luatex-1.4> and hyphenation patterns for engl
ish, dumylang, nohyphenation, loaded.
(/home/hotaru/texlive/2011/texmf-dist/tex/latex/memoir/memoir.cls
Document Class: memoir 2011/03/06 v3.6j configurable book, report, article docu
ment class
\onelineskip=\skip41
\lxvchars=\skip42
\xlvchars=\skip43
\@memcnta=\count79
\c@@memmarkcntra=\count80
(/home/hotaru/texlive/2011/texmf-dist/tex/generic/oberdiek/ifpdf.sty
Package: ifpdf 2011/01/30 v2.3 Provides the ifpdf switch (HO)
Package ifpdf Info: pdfTeX in PDF mode is detected.
)
(/home/hotaru/texlive/2011/texmf-dist/tex/latex/ifetex/ifetex.sty
Package: ifetex 2011/12/15 v1.2 ifetex

(/home/hotaru/texlive/2011/texmf-dist/tex/plain/ifetex/ifetex.tex))
(/home/hotaru/texlive/2011/texmf-dist/tex/generic/ifxetex/ifxetex.sty
Package: ifxetex 2010/09/12 v0.6 Provides ifxetex conditional
)
(/home/hotaru/texlive/2011/texmf-dist/tex/generic/oberdiek/ifluatex.sty
Package: ifluatex 2010/03/01 v1.3 Provides the ifluatex switch (HO)
Package ifluatex Info: LuaTeX detected.
)
\stockheight=\skip44
\stockwidth=\skip45
\trimtop=\skip46
\trimedge=\skip47

(/home/hotaru/texlive/2011/texmf-dist/tex/latex/etex-pkg/etex.sty
Package: etex 1998/03/26 v2.0 eTeX basic definition package (PEB)
\et@xins=\count81
)
(/home/hotaru/texlive/2011/texmf-dist/tex/latex/memoir/mem11.clo
File: mem11.clo 2008/01/30 v0.3 memoir class 11pt size option
)
\binding=\skip48
\spinemargin=\skip49
\foremargin=\skip50
\uppermargin=\skip51
\lowermargin=\skip52
\headdrop=\skip53
\normalrulethickness=\skip54
\mem@maxheadheight=\skip55
\mem@maxfootheight=\skip56
\headwidth=\skip57
\c@storedpagenumber=\count82
\memPD=\dimen102
\m@mabparskip=\skip58
\thanksmarkwidth=\skip59
\thanksmarksep=\skip60
\droptitle=\skip61
\c@book=\count83
\c@part=\count84
\c@chapter=\count85
\c@section=\count86
\c@subsection=\count87
\c@subsubsection=\count88
\c@paragraph=\count89
\c@subparagraph=\count90
\beforechapskip=\skip62
\midchapskip=\skip63
\afterchapskip=\skip64
\chapindent=\skip65
\bottomsectionskip=\skip66
\secindent=\skip67
\beforesecskip=\skip68
\aftersecskip=\skip69
\subsecindent=\skip70
\beforesubsecskip=\skip71
\aftersubsecskip=\skip72
\subsubsecindent=\skip73
\beforesubsubsecskip=\skip74
\aftersubsubsecskip=\skip75
\paraindent=\skip76
\beforeparaskip=\skip77
\afterparaskip=\skip78
\subparaindent=\skip79
\beforesubparaskip=\skip80
\aftersubparaskip=\skip81
\pfbreakskip=\skip82
\c@@ppsavesec=\count91
\c@@ppsaveapp=\count92
\ragrparindent=\dimen103
\everylistparindent=\dimen104
\parsepi=\skip83
\topsepi=\skip84
\itemsepi=\skip85
\parsepii=\skip86
\topsepii=\skip87
\topsepiii=\skip88
\itemsepii=\skip89
\itemsepiii=\skip90
\partopsepii=\skip91
\partopsepiii=\skip92
\m@msavetopsep=\skip93
\m@msavepartopsep=\skip94
\@enLab=\toks14
\abstitleskip=\skip95
\absleftindent=\skip96
\abs@leftindent=\dimen105
\absrightindent=\skip97
\absparindent=\skip98
\absparsep=\skip99
\c@vslineno=\count93
\c@poemline=\count94
\c@modulo@vs=\count95
\c@memfvsline=\count96
\vleftskip=\skip100
\vrightskip=\skip101
\stanzaskip=\skip102
\versewidth=\skip103
\vgap=\skip104
\vindent=\skip105
\vleftmargin=\dimen106
\c@verse=\count97
\c@chrsinstr=\count98
\beforepoemtitleskip=\skip106
\afterpoemtitleskip=\skip107
\c@poem=\count99
\beforePoemTitleskip=\skip108
\midPoemTitleskip=\skip109
\afterPoemTitleskip=\skip110
\col@sep=\dimen107
\extrarowheight=\dimen108
\NC@list=\toks15
\extratabsurround=\skip111
\backup@length=\skip112
\TX@col@width=\dimen109
\TX@old@table=\dimen110
\TX@old@col=\dimen111
\TX@target=\dimen112
\TX@delta=\dimen113
\TX@cols=\count100
\TX@ftn=\toks16
\heavyrulewidth=\dimen114
\lightrulewidth=\dimen115
\cmidrulewidth=\dimen116
\belowrulesep=\dimen117
\belowbottomsep=\dimen118
\aboverulesep=\dimen119
\abovetopsep=\dimen120
\cmidrulesep=\dimen121
\cmidrulekern=\dimen122
\defaultaddspace=\dimen123
\@cmidla=\count101
\@cmidlb=\count102
\@aboverulesep=\dimen124
\@belowrulesep=\dimen125
\@thisruleclass=\count103
\@lastruleclass=\count104
\@thisrulewidth=\dimen126
\ctableftskip=\skip113
\ctabrightskip=\skip114
\abovecolumnspenalty=\count105
\@linestogo=\count106
\@cellstogo=\count107
\@cellsincolumn=\count108
\crtok=\toks17
\@mincolumnwidth=\dimen127
\c@newflo@tctr=\count109
\mem@margin@floatbox=\box26
\@contcwidth=\skip115
\@contindw=\skip116
\abovecaptionskip=\skip117
\belowcaptionskip=\skip118
\subfloattopskip=\skip119
\subfloatcapskip=\skip120
\subfloatcaptopadj=\skip121
\subfloatbottomskip=\skip122
\subfloatlabelskip=\skip123
\subfloatcapmargin=\dimen128
\c@@contsubnum=\count110
\m@mscap@capbox=\box27
\m@mscap@fbox=\box28
\sidecapsep=\dimen129
\sidecapwidth=\dimen130
\m@m@tempdima=\dimen131
\m@mscapraise=\dimen132
\sidecapraise=\dimen133
\m@mscapmainwidth=\dimen134
\m@mscaplkern=\dimen135
\beforeepigraphskip=\skip124
\afterepigraphskip=\skip125
\epigraphwidth=\skip126
\epigraphrule=\skip127
LaTeX Info: Redefining \em on input line 7377.
LaTeX Info: Redefining \emph on input line 7385.
\tocentryskip=\skip128
\tocbaseline=\skip129
\cftparskip=\skip130
\cftbeforebookskip=\skip131
\cftbookindent=\dimen136
\cftbooknumwidth=\dimen137
\cftbeforepartskip=\skip132
\cftpartindent=\skip133
\cftpartnumwidth=\skip134
\cftbeforechapterskip=\skip135
\cftchapterindent=\skip136
\cftchapternumwidth=\skip137
\cftbeforesectionskip=\skip138
\cftsectionindent=\skip139
\cftsectionnumwidth=\skip140
\cftbeforesubsectionskip=\skip141
\cftsubsectionindent=\skip142
\cftsubsectionnumwidth=\skip143
\cftbeforesubsubsectionskip=\skip144
\cftsubsubsectionindent=\skip145
\cftsubsubsectionnumwidth=\skip146
\cftbeforeparagraphskip=\skip147
\cftparagraphindent=\skip148
\cftparagraphnumwidth=\skip149
\cftbeforesubparagraphskip=\skip150
\cftsubparagraphindent=\skip151
\cftsubparagraphnumwidth=\skip152
\prechapterprecisshift=\dimen138
\c@maxsecnumdepth=\count111
\bibindent=\dimen139
\bibitemsep=\skip153
\indexcolsep=\skip154
\indexrule=\skip155
\indexmarkstyle=\toks18
\@indexbox=\insert233
\glossarycolsep=\dimen140
\glossaryrule=\dimen141
\sideparvshift=\skip156
\sideins=\insert232
\sidebartopsep=\skip157
\sidebarhsep=\skip158
\sidebarvsep=\skip159
\sidebarwidth=\skip160
\footmarkwidth=\skip161
\footmarksep=\skip162
\footparindent=\skip163
\footinsdim=\skip164
\footinsv@r=\insert231
\@mpfootinsv@r=\insert230
\m@m@k=\count112
\m@m@h=\dimen142
\m@mipn@skip=\skip165
\sidefootins=\insert229
\sidefootadjust=\skip166
\sidefootheight=\skip167
\sidefoothsep=\skip168
\sidefootvsep=\skip169
\sidefootwidth=\skip170
\m@mdownsf=\skip171
\c@sidefootnote=\count113
\sidefootmarkwidth=\skip172
\sidefootmarksep=\skip173
\sidefootparindent=\skip174
\c@pagenote=\count114
\c@pagenoteshadow=\count115
\mem@pn@lastkern=\skip175
\every@verbatim=\toks19
\afterevery@verbatim=\toks20
\verbatim@line=\toks21
\tab@position=\count116
\verbatim@in@stream=\read1
\verbatimindent=\skip176
\verbatim@out=\write3
\bvboxsep=\skip177
\c@memfbvline=\count117
\c@bvlinectr=\count118
\bvnumlength=\skip178
\fb@frw=\dimen143
\fb@frh=\dimen144
\FrameRule=\dimen145
\FrameSep=\dimen146
\c@cp@cntr=\count119
LaTeX Info: Redefining \: on input line 11807.
LaTeX Info: Redefining \! on input line 11809.
\c@ism@mctr=\count120
\c@xsm@mctr=\count121
\c@csm@mctr=\count122
\c@ksm@mctr=\count123
\c@xksm@mctr=\count124
\c@cksm@mctr=\count125
\c@msm@mctr=\count126
\c@xmsm@mctr=\count127
\c@cmsm@mctr=\count128
\c@bsm@mctr=\count129
\c@workm@mctr=\count130
\c@sheetsequence=\count131
\c@lastsheet=\count132
\c@lastpage=\count133
\c@figure=\count134
\c@lofdepth=\count135
\cftbeforefigureskip=\skip179
\cftfigureindent=\skip180
\cftfigurenumwidth=\skip181
\c@table=\count136
\c@lotdepth=\count137
\cftbeforetableskip=\skip182
\cfttableindent=\skip183
\cfttablenumwidth=\skip184
Package abstract [2008/07/23] emulated by memoir.
Package appendix [2008/07/23] emulated by memoir.
Package array [2008/07/23] emulated by memoir.
Package booktabs [2008/07/23] emulated by memoir.
Package ccaption [2008/07/23] emulated by memoir.
Package changepage [2008/07/23] emulated by memoir.
Package chngcntr [2008/07/23] emulated by memoir.
Package chngpage [2008/07/23] emulated by memoir.
Package crop emulated by memoir.
Package dcolumn [2008/07/23] emulated by memoir.
Package delarray [2008/07/23] emulated by memoir.
Package enumerate [2008/07/23] emulated by memoir.
Package epigraph [2008/07/23] emulated by memoir.
Package ifmtarg [2008/07/23] emulated by memoir.
Package index [2008/07/23] emulated by memoir.
Package makeidx [2008/07/23] emulated by memoir.
Package moreverb [2008/07/23] emulated by memoir.
Package mparhack [2008/07/23] emulated by memoir.
Package needspace [2008/07/23] emulated by memoir.
Package newfile [2008/07/23] emulated by memoir.
Package nextpage [2008/07/23] emulated by memoir.
Package pagenote [2008/07/23] emulated by memoir.
Package parskip [2008/07/23] emulated by memoir.
Package patchcmd [2008/07/23] emulated by memoir.
Package setspace [2008/07/23] emulated by memoir.
Package shortvrb [2008/07/23] emulated by memoir.
Package showidx [2008/07/23] emulated by memoir.
Package tabularx [2008/07/23] emulated by memoir.
Package titleref [2008/07/23] emulated by memoir.
Package titling [2008/07/23] emulated by memoir.
Package tocbibind [2008/07/23] emulated by memoir.
Package tocloft [2008/07/23] emulated by memoir.
Package tocvsec2 [2008/07/23] emulated by memoir.
Package verbatim [2008/07/23] emulated by memoir.
Package verse [2008/07/23] emulated by memoir.

(/home/hotaru/texlive/2011/texmf-dist/tex/latex/memoir/mempatch.sty
Package: mempatch 2009/07/24 v6.0f Patches for memoir class v1.6180339
))
(./mylayout.sty
Package: mylayout 

(/home/hotaru/texlive/2011/texmf-dist/tex/generic/babel/babel.sty
Package: babel 2008/07/08 v3.8m The Babel package

(/home/hotaru/texlive/2011/texmf-dist/tex/generic/babel/italian.ldf
Language: italian 2008/03/14 v1.2t Italian support from the babel system

(/home/hotaru/texlive/2011/texmf-dist/tex/generic/babel/babel.def
File: babel.def 2008/07/08 v3.8m Babel common definitions
\babel@savecnt=\count138
\U@D=\dimen147
)
Package babel Info: Making " an active character on input line 94.
luatex-hyphen: using data file: /home/hotaru/texlive/2011/texmf-var/tex/generic
/config/language.dat.lua
luatex-hyphen: loading patterns and exceptions for: italian (\language49)
luatex-hyphen: info: no hyphenation exceptions for this language))
(/home/hotaru/texlive/2011/texmf-dist/tex/latex/nag/nag.sty
Package: nag 2011/11/25 0.7 warning about old commands (ulmi)
\c@nag@c=\count139
\c@nag@sins=\count140
)
(/home/hotaru/texlive/2011/texmf-dist/tex/latex/tools/calc.sty
Package: calc 2007/08/22 v4.3 Infix arithmetic (KKT,FJ)
\calc@Acount=\count141
\calc@Bcount=\count142
\calc@Adimen=\dimen148
\calc@Bdimen=\dimen149
\calc@Askip=\skip185
\calc@Bskip=\skip186
LaTeX Info: Redefining \setlength on input line 76.
LaTeX Info: Redefining \addtolength on input line 77.
\calc@Ccount=\count143
\calc@Cskip=\skip187
)
(/home/hotaru/texlive/2011/texmf-dist/tex/latex/l3packages/xparse/xparse.sty
(/home/hotaru/texlive/2011/texmf-dist/tex/latex/l3kernel/expl3.sty
(/home/hotaru/texlive/2011/texmf-dist/tex/latex/l3kernel/l3names.sty
(/home/hotaru/texlive/2011/texmf-dist/tex/latex/l3kernel/l3bootstrap.sty
Package: l3bootstrap 2011/11/25 v3006 L3 Experimental bootstrap code

(/home/hotaru/texlive/2011/texmf-dist/tex/generic/oberdiek/luatex.sty
Package: luatex 2010/03/09 v0.4 LuaTeX basic definition package (HO)

(/home/hotaru/texlive/2011/texmf-dist/tex/generic/oberdiek/infwarerr.sty
Package: infwarerr 2010/04/08 v1.3 Providing info/warning/message (HO)
)
\LuT@AllocAttribute=\count277
\LuT@AllocCatcodeTable=\count278
\CatcodeTableStack=\count279
\CatcodeTableIniTeX=\catcodetable1
\CatcodeTableString=\catcodetable3
\CatcodeTableOther=\catcodetable5
\CatcodeTableLaTeX=\catcodetable7

(/home/hotaru/texlive/2011/texmf-dist/tex/generic/oberdiek/luatex-loader.sty
Package: luatex-loader 2010/03/09 v0.4 Lua module loader (HO)

(/home/hotaru/texlive/2011/texmf-dist/scripts/oberdiek/oberdiek.luatex.lua)))
(/home/hotaru/texlive/2011/texmf-dist/tex/generic/oberdiek/pdftexcmds.sty
Package: pdftexcmds 2011/04/22 v0.16 Utilities of pdfTeX for LuaTeX (HO)

(/home/hotaru/texlive/2011/texmf-dist/tex/generic/oberdiek/ltxcmds.sty
Package: ltxcmds 2011/04/18 v1.20 LaTeX kernel commands for general use (HO)
)
Package pdftexcmds Info: \pdf@primitive is available.
Package pdftexcmds Info: \pdf@ifprimitive is available.
Package pdftexcmds Info: \pdfdraftmode found.
\pdftexcmds@toks=\toks22
))
Package: l3names 2011/11/11 v2944 L3 Experimental namespace for primitives
)
Package: expl3 2011/12/29 v3109 L3 Experimental code bundle wrapper

(/home/hotaru/texlive/2011/texmf-dist/tex/latex/graphics/color.sty
Package: color 2005/11/14 v1.0j Standard LaTeX Color (DPC)

(/home/hotaru/texlive/2011/texmf-dist/tex/latex/latexconfig/color.cfg
File: color.cfg 2007/01/18 v1.5 color configuration of teTeX/TeXLive
)
Package color Info: Driver file: pdftex.def on input line 130.

(/home/hotaru/texlive/2011/texmf-dist/tex/latex/pdftex-def/pdftex.def
File: pdftex.def 2011/05/27 v0.06d Graphics/color for pdfTeX
\Gread@gobject=\count280
))
(/home/hotaru/texlive/2011/texmf-dist/tex/latex/graphics/graphics.sty
Package: graphics 2009/02/05 v1.0o Standard LaTeX Graphics (DPC,SPQR)

(/home/hotaru/texlive/2011/texmf-dist/tex/latex/graphics/trig.sty
Package: trig 1999/03/16 v1.09 sin cos tan (DPC)
)
(/home/hotaru/texlive/2011/texmf-dist/tex/latex/latexconfig/graphics.cfg
File: graphics.cfg 2010/04/23 v1.9 graphics configuration of TeX Live
)
Package graphics Info: Driver file: pdftex.def on input line 91.
)
(/home/hotaru/texlive/2011/texmf-dist/tex/latex/l3kernel/l3basics.sty
Package: l3basics 2011/12/23 v3090 L3 Experimental basic definitions
)
(/home/hotaru/texlive/2011/texmf-dist/tex/latex/l3kernel/l3expan.sty
Package: l3expan 2011/12/22 v3086 L3 Experimental argument expansion
)
(/home/hotaru/texlive/2011/texmf-dist/tex/latex/l3kernel/l3tl.sty
Package: l3tl 2011/12/25 v3091 L3 Experimental token lists
)
(/home/hotaru/texlive/2011/texmf-dist/tex/latex/l3kernel/l3seq.sty
Package: l3seq 2011/12/22 v3085 L3 Experimental sequences and stacks
)
(/home/hotaru/texlive/2011/texmf-dist/tex/latex/l3kernel/l3int.sty
Package: l3int 2011/12/22 v3086 L3 Experimental integers
\c_max_int=\count281
\l_tmpa_int=\count282
\l_tmpb_int=\count283
\l_tmpc_int=\count284
\g_tmpa_int=\count285
\g_tmpb_int=\count286
)
(/home/hotaru/texlive/2011/texmf-dist/tex/latex/l3kernel/l3quark.sty
Package: l3quark 2011/12/22 v3086 L3 Experimental quarks
)
(/home/hotaru/texlive/2011/texmf-dist/tex/latex/l3kernel/l3prg.sty
Package: l3prg 2011/12/22 v3086 L3 Experimental control structures
\g_prg_map_int=\count287
)
(/home/hotaru/texlive/2011/texmf-dist/tex/latex/l3kernel/l3clist.sty
Package: l3clist 2011/12/22 v3086 L3 Experimental comma separated lists
)
(/home/hotaru/texlive/2011/texmf-dist/tex/latex/l3kernel/l3token.sty
Package: l3token 2011/12/27 v3099 L3 Experimental token manipulation
)
(/home/hotaru/texlive/2011/texmf-dist/tex/latex/l3kernel/l3prop.sty
Package: l3prop 2011/12/22 v3086 L3 Experimental property lists
)
(/home/hotaru/texlive/2011/texmf-dist/tex/latex/l3kernel/l3msg.sty
Package: l3msg 2011/12/22 v3086 L3 Experimental messages
)
(/home/hotaru/texlive/2011/texmf-dist/tex/latex/l3kernel/l3io.sty
Package: l3io 2011/12/27 v3096 L3 Experimental input-output operations
\l_iow_stream_int=\count288
\l_iow_line_length_int=\count289
\l_iow_target_length_int=\count290
\l_iow_current_line_int=\count291
\l_iow_current_word_int=\count292
\l_iow_current_indentation_int=\count293
)
(/home/hotaru/texlive/2011/texmf-dist/tex/latex/l3kernel/l3file.sty
Package: l3file 2011/12/26 v3095 L3 Experimental file operations
)
(/home/hotaru/texlive/2011/texmf-dist/tex/latex/l3kernel/l3skip.sty
Package: l3skip 2011/12/22 v3086 L3 Experimental dimensions and skips
\l_tmpa_dim=\dimen256
\l_tmpb_dim=\dimen257
\l_tmpc_dim=\dimen258
\g_tmpa_dim=\dimen259
\g_tmpb_dim=\dimen260
\l_tmpa_skip=\skip256
\l_tmpb_skip=\skip257
\l_tmpc_skip=\skip258
\g_tmpa_skip=\skip259
\g_tmpb_skip=\skip260
)
(/home/hotaru/texlive/2011/texmf-dist/tex/latex/l3kernel/l3keys.sty
Package: l3keys 2011/12/22 v3086 L3 Experimental key-value interfaces
\g_keyval_level_int=\count294
\l_keys_choice_int=\count295
)
(/home/hotaru/texlive/2011/texmf-dist/tex/latex/l3kernel/l3fp.sty
Package: l3fp 2011/12/22 v3086 L3 Experimental floating-point operations
\c_one_hundred_million=\count296
\c_five_hundred_million=\count297
\c_one_thousand_million=\count298
\c_fp_pi_by_four_decimal_int=\count299
\c_fp_pi_by_four_extended_int=\count300
\c_fp_pi_decimal_int=\count301
\c_fp_pi_extended_int=\count302
\c_fp_two_pi_decimal_int=\count303
\c_fp_two_pi_extended_int=\count304
\l_fp_count_int=\count305
\l_fp_div_offset_int=\count306
\l_fp_exp_integer_int=\count307
\l_fp_exp_decimal_int=\count308
\l_fp_exp_extended_int=\count309
\l_fp_exp_exponent_int=\count310
\l_fp_input_a_sign_int=\count311
\l_fp_input_a_integer_int=\count312
\l_fp_input_a_decimal_int=\count313
\l_fp_input_a_exponent_int=\count314
\l_fp_input_b_sign_int=\count315
\l_fp_input_b_integer_int=\count316
\l_fp_input_b_decimal_int=\count317
\l_fp_input_b_exponent_int=\count318
\l_fp_input_a_extended_int=\count319
\l_fp_input_b_extended_int=\count320
\l_fp_mul_a_i_int=\count321
\l_fp_mul_a_ii_int=\count322
\l_fp_mul_a_iii_int=\count323
\l_fp_mul_a_iv_int=\count324
\l_fp_mul_a_v_int=\count325
\l_fp_mul_a_vi_int=\count326
\l_fp_mul_b_i_int=\count327
\l_fp_mul_b_ii_int=\count328
\l_fp_mul_b_iii_int=\count329
\l_fp_mul_b_iv_int=\count330
\l_fp_mul_b_v_int=\count331
\l_fp_mul_b_vi_int=\count332
\l_fp_mul_output_int=\count333
\l_fp_output_sign_int=\count334
\l_fp_output_integer_int=\count335
\l_fp_output_decimal_int=\count336
\l_fp_output_exponent_int=\count337
\l_fp_output_extended_int=\count338
\l_fp_round_position_int=\count339
\l_fp_round_target_int=\count340
\l_fp_split_sign_int=\count341
\l_fp_tmp_int=\count342
\l_fp_trig_octant_int=\count343
\l_fp_trig_sign_int=\count344
\l_fp_trig_decimal_int=\count345
\l_fp_trig_extended_int=\count346
\l_fp_tmp_dim=\dimen261
\l_fp_tmp_skip=\skip261
)
(/home/hotaru/texlive/2011/texmf-dist/tex/latex/l3kernel/l3box.sty
Package: l3box 2011/12/22 v3086 L3 Experimental boxes
\l_tmpb_box=\box256
\l_box_top_dim=\dimen262
\l_box_bottom_dim=\dimen263
\l_box_left_dim=\dimen264
\l_box_right_dim=\dimen265
\l_box_top_new_dim=\dimen266
\l_box_bottom_new_dim=\dimen267
\l_box_left_new_dim=\dimen268
\l_box_right_new_dim=\dimen269
\l_box_tmp_box=\box257
)
(/home/hotaru/texlive/2011/texmf-dist/tex/latex/l3kernel/l3coffins.sty
Package: l3coffins 2011/12/22 v3086 L3 Experimental coffin code layer
\l_coffin_tmp_box=\box258
\l_coffin_tmp_dim=\dimen270
\l_coffin_offset_x_dim=\dimen271
\l_coffin_offset_y_dim=\dimen272
\l_coffin_x_dim=\dimen273
\l_coffin_y_dim=\dimen274
\l_coffin_x_prime_dim=\dimen275
\l_coffin_y_prime_dim=\dimen276
\l_coffin_Depth_dim=\dimen277
\l_coffin_Height_dim=\dimen278
\l_coffin_TotalHeight_dim=\dimen279
\l_coffin_Width_dim=\dimen280
\c_empty_coffin=\box259
\l_coffin_aligned_coffin=\box260
\l_coffin_aligned_internal_coffin=\box261
\l_coffin_bounding_shift_dim=\dimen281
\l_coffin_left_corner_dim=\dimen282
\l_coffin_right_corner_dim=\dimen283
\l_coffin_bottom_corner_dim=\dimen284
\l_coffin_top_corner_dim=\dimen285
\l_coffin_scaled_total_height_dim=\dimen286
\l_coffin_scaled_width_dim=\dimen287
\l_coffin_display_coffin=\box262
\l_coffin_display_coord_coffin=\box263
\l_coffin_display_pole_coffin=\box264
\l_coffin_display_offset_dim=\dimen288
\l_coffin_display_x_dim=\dimen289
\l_coffin_display_y_dim=\dimen290
)
(/home/hotaru/texlive/2011/texmf-dist/tex/latex/l3kernel/l3color.sty
Package: l3color 2011/09/07 v2776 L3 Experimental colour support
)
(/home/hotaru/texlive/2011/texmf-dist/tex/latex/l3kernel/l3luatex.sty
Package: l3luatex 2011/12/22 v3086 L3 Experimental LuaTeX-specific functions
\g_cctab_allocate_int=\count347
\g_cctab_stack_int=\count348
\c_code_cctab=\catcodetable9
))
Package: xparse 2011/12/29 v3109 L3 Experimental document command parser
\l_xparse_m_args_int=\count349
\l_xparse_mandatory_args_int=\count350
\l_xparse_processor_int=\count351
\l_xparse_total_args_int=\count352
\l_xparse_v_nesting_int=\count353
)
(/home/hotaru/texlive/2011/texmf-dist/tex/latex/soul/soul.sty
Package: soul 2003/11/17 v2.4 letterspacing/underlining (mf)
\SOUL@word=\toks23
\SOUL@lasttoken=\toks24
\SOUL@cmds=\toks25
\SOUL@buffer=\toks26
\SOUL@token=\toks27
\SOUL@spaceskip=\skip262
\SOUL@ttwidth=\dimen291
\SOUL@uldp=\dimen292
\SOUL@ulht=\dimen293
)
(/home/hotaru/texlive/2011/texmf-dist/tex/latex/base/textcomp.sty
Package: textcomp 2005/09/27 v1.99g Standard LaTeX package
Package textcomp Info: Sub-encoding information:
(textcomp)               5 = only ISO-Adobe without \textcurrency
(textcomp)               4 = 5 + \texteuro
(textcomp)               3 = 4 + \textohm
(textcomp)               2 = 3 + \textestimated + \textcurrency
(textcomp)               1 = TS1 - \textcircled - \t
(textcomp)               0 = TS1 (full)
(textcomp)             Font families with sub-encoding setting implement
(textcomp)             only a restricted character set as indicated.
(textcomp)             Family '?' is the default used for unknown fonts.
(textcomp)             See the documentation for details.
Package textcomp Info: Setting ? sub-encoding to TS1/1 on input line 71.

(/home/hotaru/texlive/2011/texmf-dist/tex/latex/base/ts1enc.def
File: ts1enc.def 2001/06/05 v3.0e (jk/car/fm) Standard LaTeX file
)
LaTeX Info: Redefining \oldstylenums on input line 266.
Package textcomp Info: Setting cmr sub-encoding to TS1/0 on input line 281.
Package textcomp Info: Setting cmss sub-encoding to TS1/0 on input line 282.
Package textcomp Info: Setting cmtt sub-encoding to TS1/0 on input line 283.
Package textcomp Info: Setting cmvtt sub-encoding to TS1/0 on input line 284.
Package textcomp Info: Setting cmbr sub-encoding to TS1/0 on input line 285.
Package textcomp Info: Setting cmtl sub-encoding to TS1/0 on input line 286.
Package textcomp Info: Setting ccr sub-encoding to TS1/0 on input line 287.
Package textcomp Info: Setting ptm sub-encoding to TS1/4 on input line 288.
Package textcomp Info: Setting pcr sub-encoding to TS1/4 on input line 289.
Package textcomp Info: Setting phv sub-encoding to TS1/4 on input line 290.
Package textcomp Info: Setting ppl sub-encoding to TS1/3 on input line 291.
Package textcomp Info: Setting pag sub-encoding to TS1/4 on input line 292.
Package textcomp Info: Setting pbk sub-encoding to TS1/4 on input line 293.
Package textcomp Info: Setting pnc sub-encoding to TS1/4 on input line 294.
Package textcomp Info: Setting pzc sub-encoding to TS1/4 on input line 295.
Package textcomp Info: Setting bch sub-encoding to TS1/4 on input line 296.
Package textcomp Info: Setting put sub-encoding to TS1/5 on input line 297.
Package textcomp Info: Setting uag sub-encoding to TS1/5 on input line 298.
Package textcomp Info: Setting ugq sub-encoding to TS1/5 on input line 299.
Package textcomp Info: Setting ul8 sub-encoding to TS1/4 on input line 300.
Package textcomp Info: Setting ul9 sub-encoding to TS1/4 on input line 301.
Package textcomp Info: Setting augie sub-encoding to TS1/5 on input line 302.
Package textcomp Info: Setting dayrom sub-encoding to TS1/3 on input line 303.
Package textcomp Info: Setting dayroms sub-encoding to TS1/3 on input line 304.

Package textcomp Info: Setting pxr sub-encoding to TS1/0 on input line 305.
Package textcomp Info: Setting pxss sub-encoding to TS1/0 on input line 306.
Package textcomp Info: Setting pxtt sub-encoding to TS1/0 on input line 307.
Package textcomp Info: Setting txr sub-encoding to TS1/0 on input line 308.
Package textcomp Info: Setting txss sub-encoding to TS1/0 on input line 309.
Package textcomp Info: Setting txtt sub-encoding to TS1/0 on input line 310.
Package textcomp Info: Setting lmr sub-encoding to TS1/0 on input line 311.
Package textcomp Info: Setting lmdh sub-encoding to TS1/0 on input line 312.
Package textcomp Info: Setting lmss sub-encoding to TS1/0 on input line 313.
Package textcomp Info: Setting lmssq sub-encoding to TS1/0 on input line 314.
Package textcomp Info: Setting lmvtt sub-encoding to TS1/0 on input line 315.
Package textcomp Info: Setting qhv sub-encoding to TS1/0 on input line 316.
Package textcomp Info: Setting qag sub-encoding to TS1/0 on input line 317.
Package textcomp Info: Setting qbk sub-encoding to TS1/0 on input line 318.
Package textcomp Info: Setting qcr sub-encoding to TS1/0 on input line 319.
Package textcomp Info: Setting qcs sub-encoding to TS1/0 on input line 320.
Package textcomp Info: Setting qpl sub-encoding to TS1/0 on input line 321.
Package textcomp Info: Setting qtm sub-encoding to TS1/0 on input line 322.
Package textcomp Info: Setting qzc sub-encoding to TS1/0 on input line 323.
Package textcomp Info: Setting qhvc sub-encoding to TS1/0 on input line 324.
Package textcomp Info: Setting futs sub-encoding to TS1/4 on input line 325.
Package textcomp Info: Setting futx sub-encoding to TS1/4 on input line 326.
Package textcomp Info: Setting futj sub-encoding to TS1/4 on input line 327.
Package textcomp Info: Setting hlh sub-encoding to TS1/3 on input line 328.
Package textcomp Info: Setting hls sub-encoding to TS1/3 on input line 329.
Package textcomp Info: Setting hlst sub-encoding to TS1/3 on input line 330.
Package textcomp Info: Setting hlct sub-encoding to TS1/5 on input line 331.
Package textcomp Info: Setting hlx sub-encoding to TS1/5 on input line 332.
Package textcomp Info: Setting hlce sub-encoding to TS1/5 on input line 333.
Package textcomp Info: Setting hlcn sub-encoding to TS1/5 on input line 334.
Package textcomp Info: Setting hlcw sub-encoding to TS1/5 on input line 335.
Package textcomp Info: Setting hlcf sub-encoding to TS1/5 on input line 336.
Package textcomp Info: Setting pplx sub-encoding to TS1/3 on input line 337.
Package textcomp Info: Setting pplj sub-encoding to TS1/3 on input line 338.
Package textcomp Info: Setting ptmx sub-encoding to TS1/4 on input line 339.
Package textcomp Info: Setting ptmj sub-encoding to TS1/4 on input line 340.
)
(/home/hotaru/texlive/2011/texmf-dist/tex/latex/xcolor/xcolor.sty
Package: xcolor 2007/01/21 v2.11 LaTeX color extensions (UK)

(/home/hotaru/texlive/2011/texmf-dist/tex/latex/latexconfig/color.cfg
File: color.cfg 2007/01/18 v1.5 color configuration of teTeX/TeXLive
)
Package xcolor Info: Driver file: pdftex.def on input line 225.
LaTeX Info: Redefining \color on input line 702.
Package xcolor Info: Model `cmy' substituted by `cmy0' on input line 1337.
Package xcolor Info: Model `hsb' substituted by `rgb' on input line 1341.
Package xcolor Info: Model `RGB' extended on input line 1353.
Package xcolor Info: Model `HTML' substituted by `rgb' on input line 1355.
Package xcolor Info: Model `Hsb' substituted by `hsb' on input line 1356.
Package xcolor Info: Model `tHsb' substituted by `hsb' on input line 1357.
Package xcolor Info: Model `HSB' substituted by `hsb' on input line 1358.
Package xcolor Info: Model `Gray' substituted by `gray' on input line 1359.
Package xcolor Info: Model `wave' substituted by `hsb' on input line 1360.
)
(/home/hotaru/texlive/2011/texmf-dist/tex/latex/graphics/graphicx.sty
Package: graphicx 1999/02/16 v1.0f Enhanced LaTeX Graphics (DPC,SPQR)

(/home/hotaru/texlive/2011/texmf-dist/tex/latex/graphics/keyval.sty
Package: keyval 1999/03/16 v1.13 key=value parser (DPC)
\KV@toks@=\toks28
)
\Gin@req@height=\dimen294
\Gin@req@width=\dimen295
)
(/home/hotaru/texlive/2011/texmf-dist/tex/latex/eso-pic/eso-pic.sty
Package: eso-pic 2010/10/06 v2.0c eso-pic (RN)

(/home/hotaru/texlive/2011/texmf-dist/tex/generic/oberdiek/atbegshi.sty
Package: atbegshi 2011/01/30 v1.15 At begin shipout hook (HO)
))
(/home/hotaru/texlive/2011/texmf-dist/tex/latex/ccicons/ccicons.sty
Package: ccicons 2011/09/18 v1.3 LaTeX support for Creative Commons icons
)
(/home/hotaru/texlive/2011/texmf-dist/tex/latex/pgf/frontendlayer/tikz.sty
(/home/hotaru/texlive/2011/texmf-dist/tex/latex/pgf/basiclayer/pgf.sty
(/home/hotaru/texlive/2011/texmf-dist/tex/latex/pgf/utilities/pgfrcs.sty
(/home/hotaru/texlive/2011/texmf-dist/tex/generic/pgf/utilities/pgfutil-common.
tex
\pgfutil@everybye=\toks29
)
(/home/hotaru/texlive/2011/texmf-dist/tex/generic/pgf/utilities/pgfutil-latex.d
ef
\pgfutil@abb=\box265
 (/home/hotaru/texlive/2011/texmf-dist/tex/latex/ms/everyshi.sty
Package: everyshi 2001/05/15 v3.00 EveryShipout Package (MS)
))
(/home/hotaru/texlive/2011/texmf-dist/tex/generic/pgf/utilities/pgfrcs.code.tex
Package: pgfrcs 2010/10/25 v2.10 (rcs-revision 1.24)
))
Package: pgf 2008/01/15 v2.10 (rcs-revision 1.12)
 (/home/hotaru/texlive/2011/texmf-dist/tex/latex/pgf/basiclayer/pgfcore.sty
(/home/hotaru/texlive/2011/texmf-dist/tex/latex/pgf/systemlayer/pgfsys.sty
(/home/hotaru/texlive/2011/texmf-dist/tex/generic/pgf/systemlayer/pgfsys.code.t
ex
Package: pgfsys 2010/06/30 v2.10 (rcs-revision 1.37)

(/home/hotaru/texlive/2011/texmf-dist/tex/generic/pgf/utilities/pgfkeys.code.te
x
\pgfkeys@pathtoks=\toks30
\pgfkeys@temptoks=\toks31

(/home/hotaru/texlive/2011/texmf-dist/tex/generic/pgf/utilities/pgfkeysfiltered
.code.tex
\pgfkeys@tmptoks=\toks32
))
\pgf@x=\dimen296
\pgf@y=\dimen297
\pgf@xa=\dimen298
\pgf@ya=\dimen299
\pgf@xb=\dimen300
\pgf@yb=\dimen301
\pgf@xc=\dimen302
\pgf@yc=\dimen303
\w@pgf@writea=\write4
\r@pgf@reada=\read2
\c@pgf@counta=\count354
\c@pgf@countb=\count355
\c@pgf@countc=\count356
\c@pgf@countd=\count357

(/home/hotaru/texlive/2011/texmf-dist/tex/generic/pgf/systemlayer/pgf.cfg
File: pgf.cfg 2008/05/14  (rcs-revision 1.7)
)
Package pgfsys Info: Driver file for pgf: pgfsys-pdftex.def on input line 900.

(/home/hotaru/texlive/2011/texmf-dist/tex/generic/pgf/systemlayer/pgfsys-pdftex
.def
File: pgfsys-pdftex.def 2009/05/22  (rcs-revision 1.26)

(/home/hotaru/texlive/2011/texmf-dist/tex/generic/pgf/systemlayer/pgfsys-common
-pdf.def
File: pgfsys-common-pdf.def 2008/05/19  (rcs-revision 1.10)
)))
(/home/hotaru/texlive/2011/texmf-dist/tex/generic/pgf/systemlayer/pgfsyssoftpat
h.code.tex
File: pgfsyssoftpath.code.tex 2008/07/18  (rcs-revision 1.7)
\pgfsyssoftpath@smallbuffer@items=\count358
\pgfsyssoftpath@bigbuffer@items=\count359
)
(/home/hotaru/texlive/2011/texmf-dist/tex/generic/pgf/systemlayer/pgfsysprotoco
l.code.tex
File: pgfsysprotocol.code.tex 2006/10/16  (rcs-revision 1.4)
))
(/home/hotaru/texlive/2011/texmf-dist/tex/generic/pgf/basiclayer/pgfcore.code.t
ex
Package: pgfcore 2010/04/11 v2.10 (rcs-revision 1.7)
 (/home/hotaru/texlive/2011/texmf-dist/tex/generic/pgf/math/pgfmath.code.tex
(/home/hotaru/texlive/2011/texmf-dist/tex/generic/pgf/math/pgfmathcalc.code.tex

(/home/hotaru/texlive/2011/texmf-dist/tex/generic/pgf/math/pgfmathutil.code.tex
)
(/home/hotaru/texlive/2011/texmf-dist/tex/generic/pgf/math/pgfmathparser.code.t
ex
\pgfmath@dimen=\dimen304
\pgfmath@count=\count360
\pgfmath@box=\box266
\pgfmath@toks=\toks33
\pgfmath@stack@operand=\toks34
\pgfmath@stack@operation=\toks35
)
(/home/hotaru/texlive/2011/texmf-dist/tex/generic/pgf/math/pgfmathfunctions.cod
e.tex
(/home/hotaru/texlive/2011/texmf-dist/tex/generic/pgf/math/pgfmathfunctions.bas
ic.code.tex)
(/home/hotaru/texlive/2011/texmf-dist/tex/generic/pgf/math/pgfmathfunctions.tri
gonometric.code.tex)
(/home/hotaru/texlive/2011/texmf-dist/tex/generic/pgf/math/pgfmathfunctions.ran
dom.code.tex)
(/home/hotaru/texlive/2011/texmf-dist/tex/generic/pgf/math/pgfmathfunctions.com
parison.code.tex)
(/home/hotaru/texlive/2011/texmf-dist/tex/generic/pgf/math/pgfmathfunctions.bas
e.code.tex)
(/home/hotaru/texlive/2011/texmf-dist/tex/generic/pgf/math/pgfmathfunctions.rou
nd.code.tex)
(/home/hotaru/texlive/2011/texmf-dist/tex/generic/pgf/math/pgfmathfunctions.mis
c.code.tex)))
(/home/hotaru/texlive/2011/texmf-dist/tex/generic/pgf/math/pgfmathfloat.code.te
x
\c@pgfmathroundto@lastzeros=\count361
))
(/home/hotaru/texlive/2011/texmf-dist/tex/generic/pgf/basiclayer/pgfcorepoints.
code.tex
File: pgfcorepoints.code.tex 2010/04/09  (rcs-revision 1.20)
\pgf@picminx=\dimen305
\pgf@picmaxx=\dimen306
\pgf@picminy=\dimen307
\pgf@picmaxy=\dimen308
\pgf@pathminx=\dimen309
\pgf@pathmaxx=\dimen310
\pgf@pathminy=\dimen311
\pgf@pathmaxy=\dimen312
\pgf@xx=\dimen313
\pgf@xy=\dimen314
\pgf@yx=\dimen315
\pgf@yy=\dimen316
\pgf@zx=\dimen317
\pgf@zy=\dimen318
)
(/home/hotaru/texlive/2011/texmf-dist/tex/generic/pgf/basiclayer/pgfcorepathcon
struct.code.tex
File: pgfcorepathconstruct.code.tex 2010/08/03  (rcs-revision 1.24)
\pgf@path@lastx=\dimen319
\pgf@path@lasty=\dimen320
)
(/home/hotaru/texlive/2011/texmf-dist/tex/generic/pgf/basiclayer/pgfcorepathusa
ge.code.tex
File: pgfcorepathusage.code.tex 2008/04/22  (rcs-revision 1.12)
\pgf@shorten@end@additional=\dimen321
\pgf@shorten@start@additional=\dimen322
)
(/home/hotaru/texlive/2011/texmf-dist/tex/generic/pgf/basiclayer/pgfcorescopes.
code.tex
File: pgfcorescopes.code.tex 2010/09/08  (rcs-revision 1.34)
\pgfpic=\box267
\pgf@hbox=\box268
\pgf@layerbox@main=\box269
\pgf@picture@serial@count=\count362
)
(/home/hotaru/texlive/2011/texmf-dist/tex/generic/pgf/basiclayer/pgfcoregraphic
state.code.tex
File: pgfcoregraphicstate.code.tex 2008/04/22  (rcs-revision 1.9)
\pgflinewidth=\dimen323
)
(/home/hotaru/texlive/2011/texmf-dist/tex/generic/pgf/basiclayer/pgfcoretransfo
rmations.code.tex
File: pgfcoretransformations.code.tex 2009/06/10  (rcs-revision 1.11)
\pgf@pt@x=\dimen324
\pgf@pt@y=\dimen325
\pgf@pt@temp=\dimen326
)
(/home/hotaru/texlive/2011/texmf-dist/tex/generic/pgf/basiclayer/pgfcorequick.c
ode.tex
File: pgfcorequick.code.tex 2008/10/09  (rcs-revision 1.3)
)
(/home/hotaru/texlive/2011/texmf-dist/tex/generic/pgf/basiclayer/pgfcoreobjects
.code.tex
File: pgfcoreobjects.code.tex 2006/10/11  (rcs-revision 1.2)
)
(/home/hotaru/texlive/2011/texmf-dist/tex/generic/pgf/basiclayer/pgfcorepathpro
cessing.code.tex
File: pgfcorepathprocessing.code.tex 2008/10/09  (rcs-revision 1.8)
)
(/home/hotaru/texlive/2011/texmf-dist/tex/generic/pgf/basiclayer/pgfcorearrows.
code.tex
File: pgfcorearrows.code.tex 2008/04/23  (rcs-revision 1.11)
)
(/home/hotaru/texlive/2011/texmf-dist/tex/generic/pgf/basiclayer/pgfcoreshade.c
ode.tex
File: pgfcoreshade.code.tex 2008/11/23  (rcs-revision 1.13)
\pgf@max=\dimen327
\pgf@sys@shading@range@num=\count363
)
(/home/hotaru/texlive/2011/texmf-dist/tex/generic/pgf/basiclayer/pgfcoreimage.c
ode.tex
File: pgfcoreimage.code.tex 2010/03/25  (rcs-revision 1.16)

(/home/hotaru/texlive/2011/texmf-dist/tex/generic/pgf/basiclayer/pgfcoreexterna
l.code.tex
File: pgfcoreexternal.code.tex 2010/09/01  (rcs-revision 1.17)
\pgfexternal@startupbox=\box270
))
(/home/hotaru/texlive/2011/texmf-dist/tex/generic/pgf/basiclayer/pgfcorelayers.
code.tex
File: pgfcorelayers.code.tex 2010/08/27  (rcs-revision 1.2)
)
(/home/hotaru/texlive/2011/texmf-dist/tex/generic/pgf/basiclayer/pgfcoretranspa
rency.code.tex
File: pgfcoretransparency.code.tex 2008/01/17  (rcs-revision 1.2)
)
(/home/hotaru/texlive/2011/texmf-dist/tex/generic/pgf/basiclayer/pgfcorepattern
s.code.tex
File: pgfcorepatterns.code.tex 2009/07/02  (rcs-revision 1.3)
)))
(/home/hotaru/texlive/2011/texmf-dist/tex/generic/pgf/modules/pgfmoduleshapes.c
ode.tex
File: pgfmoduleshapes.code.tex 2010/09/09  (rcs-revision 1.13)
\pgfnodeparttextbox=\box271
)
(/home/hotaru/texlive/2011/texmf-dist/tex/generic/pgf/modules/pgfmoduleplot.cod
e.tex
File: pgfmoduleplot.code.tex 2010/10/22  (rcs-revision 1.8)
)
(/home/hotaru/texlive/2011/texmf-dist/tex/latex/pgf/compatibility/pgfcomp-versi
on-0-65.sty
Package: pgfcomp-version-0-65 2007/07/03 v2.10 (rcs-revision 1.7)
\pgf@nodesepstart=\dimen328
\pgf@nodesepend=\dimen329
)
(/home/hotaru/texlive/2011/texmf-dist/tex/latex/pgf/compatibility/pgfcomp-versi
on-1-18.sty
Package: pgfcomp-version-1-18 2007/07/23 v2.10 (rcs-revision 1.1)
))
(/home/hotaru/texlive/2011/texmf-dist/tex/latex/pgf/utilities/pgffor.sty
(/home/hotaru/texlive/2011/texmf-dist/tex/latex/pgf/utilities/pgfkeys.sty
(/home/hotaru/texlive/2011/texmf-dist/tex/generic/pgf/utilities/pgfkeys.code.te
x))
(/home/hotaru/texlive/2011/texmf-dist/tex/generic/pgf/utilities/pgffor.code.tex
Package: pgffor 2010/03/23 v2.10 (rcs-revision 1.18)
\pgffor@iter=\dimen330
\pgffor@skip=\dimen331
\pgffor@stack=\toks36
\pgffor@toks=\toks37
))
(/home/hotaru/texlive/2011/texmf-dist/tex/generic/pgf/frontendlayer/tikz/tikz.c
ode.tex
Package: tikz 2010/10/13 v2.10 (rcs-revision 1.76)

(/home/hotaru/texlive/2011/texmf-dist/tex/generic/pgf/libraries/pgflibraryploth
andlers.code.tex
File: pgflibraryplothandlers.code.tex 2010/05/31 v2.10 (rcs-revision 1.15)
\pgf@plot@mark@count=\count364
\pgfplotmarksize=\dimen332
)
\tikz@lastx=\dimen333
\tikz@lasty=\dimen334
\tikz@lastxsaved=\dimen335
\tikz@lastysaved=\dimen336
\tikzleveldistance=\dimen337
\tikzsiblingdistance=\dimen338
\tikz@figbox=\box272
\tikz@tempbox=\box273
\tikztreelevel=\count365
\tikznumberofchildren=\count366
\tikznumberofcurrentchild=\count367
\tikz@fig@count=\count368

(/home/hotaru/texlive/2011/texmf-dist/tex/generic/pgf/modules/pgfmodulematrix.c
ode.tex
File: pgfmodulematrix.code.tex 2010/08/24  (rcs-revision 1.4)
\pgfmatrixcurrentrow=\count369
\pgfmatrixcurrentcolumn=\count370
\pgf@matrix@numberofcolumns=\count371
)
\tikz@expandcount=\count372

(/home/hotaru/texlive/2011/texmf-dist/tex/generic/pgf/frontendlayer/tikz/librar
ies/tikzlibrarytopaths.code.tex
File: tikzlibrarytopaths.code.tex 2008/06/17 v2.10 (rcs-revision 1.2)
)))
(/home/hotaru/texlive/2011/texmf-dist/tex/latex/fontspec/fontspec.sty
Package: fontspec 2011/09/18 v2.2a Advanced font selection for XeLaTeX/LuaLaTeX


(/home/hotaru/texlive/2011/texmf-dist/tex/luatex/luaotfload/luaotfload.sty
Package: luaotfload 2011/04/21 v1.25 OpenType layout system

(/home/hotaru/texlive/2011/texmf-dist/tex/luatex/luatexbase/luatexbase.sty
Package: luatexbase 2010/10/06 v0.3 Module utilities for LuaTeX

(/home/hotaru/texlive/2011/texmf-dist/tex/luatex/luatexbase/luatexbase-compat.s
ty
Package: luatexbase-compat 2010/10/10 v0.3 Compatibility tools for LuaTeX
)
(/home/hotaru/texlive/2011/texmf-dist/tex/luatex/luatexbase/luatexbase-loader.s
ty
Package: luatexbase-loader 2010/10/10 v0.3 Lua module loader for LuaTeX

(/home/hotaru/texlive/2011/texmf-dist/tex/luatex/luatexbase/luatexbase.loader.l
ua))
(/home/hotaru/texlive/2011/texmf-dist/tex/luatex/luatexbase/luatexbase-regs.sty
Package: luatexbase-regs 2010/10/10 v0.3 Registers allocation for LuaTeX
)
(/home/hotaru/texlive/2011/texmf-dist/tex/luatex/luatexbase/luatexbase-attr.sty
Package: luatexbase-attr 2011/05/21 v0.31 Attributes allocation for LuaTeX
(/home/hotaru/texlive/2011/texmf-dist/tex/luatex/luatexbase/attr.lua))
(/home/hotaru/texlive/2011/texmf-dist/tex/luatex/luatexbase/luatexbase-cctb.sty
Package: luatexbase-cctb 2010/10/10 v0.3 Catcodetable allocation for LuaTeX
(/home/hotaru/texlive/2011/texmf-dist/tex/luatex/luatexbase/cctb.lua)
\lltxb@catcodetable@alloc=\count373
\CatcodeTableIniTeX=\luatexcatcodetable1
\CatcodeTableString=\luatexcatcodetable3
\CatcodeTableOther=\luatexcatcodetable5
\CatcodeTableLaTeX=\luatexcatcodetable7
\CatcodeTableLaTeXAtLetter=\luatexcatcodetable9
\CatcodeTableExpl=\luatexcatcodetable11
)
(/home/hotaru/texlive/2011/texmf-dist/tex/luatex/luatexbase/luatexbase-mcb.sty
Package: luatexbase-mcb 2010/10/10 v0.3 Callback management for LuaTeX

(/home/hotaru/texlive/2011/texmf-dist/tex/luatex/luatexbase/luatexbase-modutils
.sty
Package: luatexbase-modutils 2010/10/10 v0.3 Module utilities for LuaTeX

(/home/hotaru/texlive/2011/texmf-dist/tex/luatex/luatexbase/modutils.lua))
(/home/hotaru/texlive/2011/texmf-dist/tex/luatex/luatexbase/mcb.lua)
Lua module: luatexbase-mcb 2010/05/12 0.2 register several functions in a callb
ack
))
(/home/hotaru/texlive/2011/texmf-dist/tex/luatex/lualibs/lualibs.lua)
Lua module: lualibs 2011/01/20 0.96 Lua additional functions.

(/home/hotaru/texlive/2011/texmf-dist/tex/luatex/lualibs/lualibs-string.lua)
(/home/hotaru/texlive/2011/texmf-dist/tex/luatex/lualibs/lualibs-lpeg.lua)
(/home/hotaru/texlive/2011/texmf-dist/tex/luatex/lualibs/lualibs-boolean.lua)
(/home/hotaru/texlive/2011/texmf-dist/tex/luatex/lualibs/lualibs-number.lua)
(/home/hotaru/texlive/2011/texmf-dist/tex/luatex/lualibs/lualibs-math.lua)
(/home/hotaru/texlive/2011/texmf-dist/tex/luatex/lualibs/lualibs-table.lua)
(/home/hotaru/texlive/2011/texmf-dist/tex/luatex/lualibs/lualibs-aux.lua)
(/home/hotaru/texlive/2011/texmf-dist/tex/luatex/lualibs/lualibs-io.lua)
(/home/hotaru/texlive/2011/texmf-dist/tex/luatex/lualibs/lualibs-os.lua)
(/home/hotaru/texlive/2011/texmf-dist/tex/luatex/lualibs/lualibs-file.lua)
(/home/hotaru/texlive/2011/texmf-dist/tex/luatex/lualibs/lualibs-md5.lua)
(/home/hotaru/texlive/2011/texmf-dist/tex/luatex/lualibs/lualibs-dir.lua)
(/home/hotaru/texlive/2011/texmf-dist/tex/luatex/lualibs/lualibs-unicode.lua)
(/home/hotaru/texlive/2011/texmf-dist/tex/luatex/lualibs/lualibs-utils.lua)
(/home/hotaru/texlive/2011/texmf-dist/tex/luatex/lualibs/lualibs-dimen.lua)
(/home/hotaru/texlive/2011/texmf-dist/tex/luatex/lualibs/lualibs-url.lua)
(/home/hotaru/texlive/2011/texmf-dist/tex/luatex/lualibs/lualibs-set.lua)
(/home/hotaru/texlive/2011/texmf-dist/tex/luatex/luaotfload/luaotfload.lua)
Lua module: luaotfload 2011/04/21 1.25 OpenType layout system.
luaotfload: loading file /home/hotaru/texlive/2011/texmf-dist/tex/luatex/luaotf
load/otfl-luat-dum.lua.(using cache: /home/hotaru/.texlive2011/texmf-var/luatex
-cache/generic)
luaotfload: loading file /home/hotaru/texlive/2011/texmf-dist/tex/luatex/luaotf
load/otfl-luat-ovr.lua.
luaotfload: loading file /home/hotaru/texlive/2011/texmf-dist/tex/luatex/luaotf
load/otfl-data-con.lua.
luaotfload: loading file /home/hotaru/texlive/2011/texmf-dist/tex/luatex/luaotf
load/otfl-font-ini.lua.
luaotfload: loading file /home/hotaru/texlive/2011/texmf-dist/tex/luatex/luaotf
load/otfl-node-dum.lua.
luaotfload: loading file /home/hotaru/texlive/2011/texmf-dist/tex/luatex/luaotf
load/otfl-node-inj.lua.
luaotfload: loading file /home/hotaru/texlive/2011/texmf-dist/tex/luatex/luaotf
load/otfl-font-tfm.lua.
luatexbase.attributes["otfl@state"] = 1
luaotfload: loading file /home/hotaru/texlive/2011/texmf-dist/tex/luatex/luaotf
load/otfl-font-cid.lua.
luaotfload: loading file /home/hotaru/texlive/2011/texmf-dist/tex/luatex/luaotf
load/otfl-font-ott.lua.
luaotfload: loading file /home/hotaru/texlive/2011/texmf-dist/tex/luatex/luaotf
load/otfl-font-map.lua.
luaotfload: loading file /home/hotaru/texlive/2011/texmf-dist/tex/luatex/luaotf
load/otfl-font-otf.lua.
luaotfload: loading file /home/hotaru/texlive/2011/texmf-dist/tex/luatex/luaotf
load/otfl-font-otd.lua.
luaotfload: loading file /home/hotaru/texlive/2011/texmf-dist/tex/luatex/luaotf
load/otfl-font-oti.lua.
luaotfload: loading file /home/hotaru/texlive/2011/texmf-dist/tex/luatex/luaotf
load/otfl-font-otb.lua.
luaotfload: loading file /home/hotaru/texlive/2011/texmf-dist/tex/luatex/luaotf
load/otfl-font-otn.lua.
luatexbase.attributes["otfl@markbase"] = 2
luatexbase.attributes["otfl@markmark"] = 3
luatexbase.attributes["otfl@markdone"] = 4
luatexbase.attributes["otfl@cursbase"] = 5
luatexbase.attributes["otfl@curscurs"] = 6
luatexbase.attributes["otfl@cursdone"] = 7
luatexbase.attributes["otfl@kernpair"] = 8
luaotfload: loading file /home/hotaru/texlive/2011/texmf-dist/tex/luatex/luaotf
load/otfl-font-ota.lua.
luaotfload: loading file /home/hotaru/texlive/2011/texmf-dist/tex/luatex/luaotf
load/otfl-font-otc.lua.
luaotfload: loading file /home/hotaru/texlive/2011/texmf-dist/tex/luatex/luaotf
load/otfl-font-def.lua.
luaotfload: loading file /home/hotaru/texlive/2011/texmf-dist/tex/luatex/luaotf
load/otfl-font-xtx.lua.
luaotfload: loading file /home/hotaru/texlive/2011/texmf-dist/tex/luatex/luaotf
load/otfl-font-dum.lua.
luaotfload: loading file /home/hotaru/texlive/2011/texmf-dist/tex/luatex/luaotf
load/otfl-font-nms.lua.
luaotfload: loading file /home/hotaru/texlive/2011/texmf-dist/tex/luatex/luaotf
load/otfl-font-clr.lua.
Module luatexbase-mcb info: creating 'luaotfload.patch_font' type 4
Module luatexbase-mcb info: inserting 'luaotfload.pre_linebreak_filter'
(luatexbase-mcb)            at position 1 in 'pre_linebreak_filter'
Module luatexbase-mcb info: inserting 'luaotfload.hpack_filter'
(luatexbase-mcb)            at position 1 in 'hpack_filter'
Module luatexbase-mcb info: resetting callback 'define_font'
Module luatexbase-mcb info: inserting 'luaotfload.define_font'
(luatexbase-mcb)            at position 1 in 'define_font'
Module luatexbase-mcb info: inserting 'luaotfload.find_vf_file'
(luatexbase-mcb)            at position 1 in 'find_vf_file'
Module luatexbase-mcb info: inserting 'unicodemath.set_sscale_diments'
(luatexbase-mcb)            at position 1 in 'luaotfload.patch_font'
)
(/home/hotaru/texlive/2011/texmf-dist/tex/latex/fontspec/fontspec.lua)
Lua module: fontspec 2009/12/04 2 Advanced font selection for LuaLaTeX.

Module luatexbase-mcb info: inserting 'fontspec.set_capheight'
(luatexbase-mcb)            at position 2 in 'luaotfload.patch_font'
\l_fontspec_script_int=\count374
\l_fontspec_language_int=\count375
\l_fontspec_strnum_int=\count376
\l_fontspec_tmpa_dim=\dimen339
\l_fontspec_tmpb_dim=\dimen340
\l_fontspec_tmpc_dim=\dimen341
Variant \tl_gset:cV already defined; not changing it on line 66
(/home/hotaru/texlive/2011/texmf-dist/tex/latex/fontspec/fontspec-patches.sty
Package: fontspec-patches 2011/09/18 v2.2a Advanced font selection for XeLaTeX/
LuaLaTeX

(/home/hotaru/texlive/2011/texmf-dist/tex/latex/base/fixltx2e.sty
Package: fixltx2e 2006/09/13 v1.1m fixes to LaTeX
LaTeX Info: Redefining \em on input line 420.
LaTeX Info: Redefining \textsubscript on input line 424.
)
LaTeX Info: Redefining \em on input line 22.
LaTeX Info: Redefining \emph on input line 29.
LaTeX Info: Redefining \- on input line 32.
.................................................
. xparse info: "define-command"
. 
. Defining document command \liningnums with arg. spec. 'm' on line 111.
.................................................
)
(/home/hotaru/texlive/2011/texmf-dist/tex/latex/fontspec/fontspec-luatex.sty
Package: fontspec-luatex 2011/09/18 v2.2a Advanced font selection for XeLaTeX/L
uaLaTeX

(/home/hotaru/texlive/2011/texmf-dist/tex/latex/base/fontenc.sty
Package: fontenc 2005/09/27 v1.99g Standard LaTeX package

(/home/hotaru/texlive/2011/texmf-dist/tex/latex/euenc/eu2enc.def
File: eu2enc.def 2010/05/27 v0.1h Experimental Unicode font encodings
)
LaTeX Font Info:    Try loading font information for EU2+lmr on input line 100.


(/home/hotaru/texlive/2011/texmf-dist/tex/latex/euenc/eu2lmr.fd
File: eu2lmr.fd 2009/10/30 v1.6 Font defs for Latin Modern
)
luaotfload | load font: auto-selecting default features for script: dflt (was l
atn)(load: /home/hotaru/.texlive2011/texmf-var/luatex-cache/generic/fonts/otf/t
emp-lmroman10-regular.lua))
(/home/hotaru/texlive/2011/texmf-dist/tex/xelatex/xunicode/xunicode.sty
File: xunicode.sty 2011/09/09 v0.981 provides access to latin accents and many 
other characters in Unicode lower plane

(/home/hotaru/texlive/2011/texmf-dist/tex/latex/tipa/t3enc.def
File: t3enc.def 2001/12/31 T3 encoding
luaotfload | load font: auto-selecting default features for script: dflt (was l
atn)(load: /home/hotaru/.texlive2011/texmf-var/luatex-cache/generic/fonts/otf/t
emp-lmromanslant10-regular.lua)
luaotfload | load font: auto-selecting default features for script: dflt (was l
atn)(load: /home/hotaru/.texlive2011/texmf-var/luatex-cache/generic/fonts/otf/t
emp-lmroman10-italic.lua)
luaotfload | load font: auto-selecting default features for script: dflt (was l
atn)(load: /home/hotaru/.texlive2011/texmf-var/luatex-cache/generic/fonts/otf/t
emp-lmroman10-bold.lua)
LaTeX Font Info:    Try loading font information for EU2+lmss on input line 357
.

(/home/hotaru/texlive/2011/texmf-dist/tex/latex/euenc/eu2lmss.fd
File: eu2lmss.fd 2009/10/30 v1.6 Font defs for Latin Modern
)
luaotfload | load font: auto-selecting default features for script: dflt (was l
atn)(load: /home/hotaru/.texlive2011/texmf-var/luatex-cache/generic/fonts/otf/t
emp-lmsans10-regular.lua))
\tipaTiiicode=\count377
\tipasavetokens=\toks38
\tipachecktokens=\toks39
)
.................................................
. xparse info: "define-command"
. 
. Defining document command \fontspec with arg. spec. 'O{}m' on line 42.
.................................................
.................................................
. xparse info: "define-command"
. 
. Defining document command \setmainfont with arg. spec. 'O{}m' on line 46.
.................................................
.................................................
. xparse info: "define-command"
. 
. Defining document command \setsansfont with arg. spec. 'O{}m' on line 50.
.................................................
.................................................
. xparse info: "define-command"
. 
. Defining document command \setmonofont with arg. spec. 'O{}m' on line 54.
.................................................
.................................................
. xparse info: "define-command"
. 
. Defining document command \setmathrm with arg. spec. 'O{}m' on line 62.
.................................................
.................................................
. xparse info: "define-command"
. 
. Defining document command \setboldmathrm with arg. spec. 'O{}m' on line 65.
.................................................
.................................................
. xparse info: "define-command"
. 
. Defining document command \setmathsf with arg. spec. 'O{}m' on line 68.
.................................................
.................................................
. xparse info: "define-command"
. 
. Defining document command \setmathtt with arg. spec. 'O{}m' on line 71.
.................................................
.................................................
. xparse info: "define-command"
. 
. Defining document command \newfontfamily with arg. spec. 'mO{}m' on line 87.
.................................................
.................................................
. xparse info: "define-command"
. 
. Defining document command \newfontface with arg. spec. 'mO{}m' on line 90.
.................................................
.................................................
. xparse info: "define-command"
. 
. Defining document command \defaultfontfeatures with arg. spec. 'm' on line
. 94.
.................................................
.................................................
. xparse info: "define-command"
. 
. Defining document command \addfontfeatures with arg. spec. 'm' on line 110.
.................................................
.................................................
. xparse info: "define-command"
. 
. Defining document command \newfontfeature with arg. spec. 'mm' on line 121.
.................................................
.................................................
. xparse info: "define-command"
. 
. Defining document command \newAATfeature with arg. spec. 'mmmm' on line 128.
.................................................
.................................................
. xparse info: "define-command"
. 
. Defining document command \newICUfeature with arg. spec. 'mmm' on line 135.
.................................................
.................................................
. xparse info: "define-command"
. 
. Defining document command \aliasfontfeature with arg. spec. 'mm' on line
. 162.
.................................................
.................................................
. xparse info: "define-command"
. 
. Defining document command \aliasfontfeatureoption with arg. spec. 'mmm' on
. line 167.
.................................................
.................................................
. xparse info: "define-command"
. 
. Defining document command \newfontscript with arg. spec. 'mm' on line 172.
.................................................
.................................................
. xparse info: "define-command"
. 
. Defining document command \newfontlanguage with arg. spec. 'mm' on line 195.
.................................................
.................................................
. xparse info: "define-command"
. 
. Defining document command \DeclareFontsExtensions with arg. spec. 'm' on
. line 214.
.................................................
Variant \prop_gput:cnV already defined; not changing it on line 489
Variant \prop_gput:cnx already defined; not changing it on line 490
Variant \keys_set:nx already defined; not changing it on line 897
\c@fontspec_tmp_int=\count378
LaTeX Info: Redefining \itshape on input line 1809.
LaTeX Info: Redefining \slshape on input line 1813.
LaTeX Info: Redefining \scshape on input line 1817.
LaTeX Info: Redefining \upshape on input line 1821.
 (/home/hotaru/texlive/2011/texmf-dist/tex/latex/fontspec/fontspec.cfg)))
luaotfload | Font names database loaded: /home/hotaru/.texlive2011/texmf-var/lu
atex-cache/generic/names/otfl-names.lua
luaotfload | load font: font family='gentium', subfamily='regular' found: GenR1
02.ttf(load: /home/hotaru/.texlive2011/texmf-var/luatex-cache/generic/fonts/otf
/temp-genr102.lua)
luaotfload | load otf: loading: /home/hotaru/texlive/2011/texmf-dist/fonts/true
type/public/gentium/GenR102.ttf (hash: genr102)
luaotfload | load otf: font loaded okay
luaotfload | load otf: file size: 362664
luaotfload | load otf: enhancing ...
luaotfload | load otf: saving in cache: /home/hotaru/texlive/2011/texmf-dist/fo
nts/truetype/public/gentium/GenR102.ttf(save: /home/hotaru/.texlive2011/texmf-v
ar/luatex-cache/generic/fonts/otf/temp-genr102.lua)
luaotfload | load font: font family='gentium', subfamily='regular' found: GenR1
02.ttf
fontspec: script 'latn' exists in font 'Gentium'
fontspec: script 'latn' exists in font 'Gentium'
\g_fontspec_family_Gentium_int=\count379
luaotfload | load font: font family='gentium', subfamily='regular' found: GenR1
02.ttf
luaotfload | load font: font family='arnopro', subfamily='regular' found: /home
/hotaru/.fonts/licenced-for-harnham/ArnoPro/Arno Pro/ArnoPro-Regular.otf(load: 
/home/hotaru/.texlive2011/texmf-var/luatex-cache/generic/fonts/otf/temp-arnopro
-regular.lua)
fontspec: feature '+smcp' for language 'DFLT' and script 'latn' exists in font 
'Arno Pro'
luaotfload | load font: font family='gentium', subfamily='regular' found: GenR1
02.ttf
luaotfload | load otf: loading: /home/hotaru/.fonts/Gentium102/GenR102.TTF (has
h: genr102)
luaotfload | load otf: font loaded okay
luaotfload | load otf: file size: 362664
luaotfload | load otf: enhancing ...
luaotfload | load otf: saving in cache: /home/hotaru/.fonts/Gentium102/GenR102.
TTF(save: /home/hotaru/.texlive2011/texmf-var/luatex-cache/generic/fonts/otf/te
mp-genr102.lua)
luaotfload | load font: font family='arnopro', subfamily='regular' found: /home
/hotaru/.fonts/licenced-for-harnham/ArnoPro/Arno Pro/ArnoPro-Regular.otf
fontspec: feature '+smcp' for language 'DFLT' and script 'latn' exists in font 
'Arno Pro'
luaotfload | load font: font family='gentium', subfamily='regular' found: GenR1
02.ttf
luaotfload | load font: font family='gentium', subfamily='italic' found: GenI10
2.ttf(load: /home/hotaru/.texlive2011/texmf-var/luatex-cache/generic/fonts/otf/
temp-geni102.lua)
luaotfload | load font: font family='gentium', subfamily='italic' found: GenI10
2.ttf
luaotfload | load font: font family='arnopro', subfamily='regular' found: /home
/hotaru/.fonts/licenced-for-harnham/ArnoPro/Arno Pro/ArnoPro-Regular.otf
fontspec: feature '+smcp' for language 'DFLT' and script 'latn' exists in font 
'Arno Pro'
luaotfload | load font: font family='gentium', subfamily='regular' found: GenR1
02.ttf
luaotfload | load font: font family='arnopro', subfamily='regular' found: /home
/hotaru/.fonts/licenced-for-harnham/ArnoPro/Arno Pro/ArnoPro-Regular.otf
fontspec: feature '+smcp' for language 'DFLT' and script 'latn' exists in font 
'Arno Pro'
.................................................
. fontspec info: "defining-font"
. 
. Font family 'Gentium(0)' created for font 'Gentium' with options [ Ligatures
. = TeX, SmallCapsFont = Arno Pro, SmallCapsFeatures= { Ligatures = TeX,
. Letters = SmallCaps } ].
. 
. This font family consists of the following shapes:
. 
. * 'normal' with NFSS spec.:
. <->"name:Gentium:mode=node;script=latn;language=DFLT;+tlig;+trep;"
. 
. * 'small caps' with NFSS spec.:
. 
. <->"name:ArnoPro:mode=node;script=latn;language=DFLT;+tlig;+trep;+tlig;+trep;
+smcp;"
. 
. * 'bold' with NFSS spec.:
. <->"name:Gentium/B:mode=node;script=latn;language=DFLT;+tlig;+trep;"
. 
. * 'bold small caps' with NFSS spec.:
. 
. <->"name:ArnoPro:mode=node;script=latn;language=DFLT;+tlig;+trep;+tlig;+trep;
+smcp;"
. 
. * 'italic' with NFSS spec.:
. <->"name:Gentium/I:mode=node;script=latn;language=DFLT;+tlig;+trep;"
. 
. * 'italic small caps' with NFSS spec.:
. 
. <->"name:ArnoPro:mode=node;script=latn;language=DFLT;+tlig;+trep;+tlig;+trep;
+smcp;"
. 
. * 'bold italic' with NFSS spec.:
. <->"name:Gentium/BI:mode=node;script=latn;language=DFLT;+tlig;+trep;"
. 
. * 'bold italic small caps' with NFSS spec.:
. 
. <->"name:ArnoPro:mode=node;script=latn;language=DFLT;+tlig;+trep;+tlig;+trep;
+smcp;"
.................................................
luaotfload | load font: auto-selecting default features for script: dflt (was l
atn)
luaotfload | load font: font family='gentium', subfamily='regular' found: GenR1
02.ttf
luaotfload | load otf: loading: /home/hotaru/texlive/2011/texmf-dist/fonts/true
type/public/gentium/GenR102.ttf (hash: genr102)
luaotfload | load otf: font loaded okay
luaotfload | load otf: file size: 362664
luaotfload | load otf: enhancing ...
luaotfload | load otf: saving in cache: /home/hotaru/texlive/2011/texmf-dist/fo
nts/truetype/public/gentium/GenR102.ttf(save: /home/hotaru/.texlive2011/texmf-v
ar/luatex-cache/generic/fonts/otf/temp-genr102.lua)
luaotfload | load font: font family='arnopro', subfamily='regular' found: /home
/hotaru/.fonts/licenced-for-harnham/ArnoPro/Arno Pro/ArnoPro-Regular.otf
luaotfload | load font: font family='arnopro', subfamily='regular' found: /home
/hotaru/.fonts/licenced-for-harnham/ArnoPro/Arno Pro/ArnoPro-Regular.otf
fontspec: script 'latn' exists in font 'Arno Pro'
fontspec: script 'latn' exists in font 'Arno Pro'
\g_fontspec_family_Arno Pro_int=\count380
luaotfload | load font: font family='arnopro', subfamily='regular' found: /home
/hotaru/.fonts/licenced-for-harnham/ArnoPro/Arno Pro/ArnoPro-Regular.otf
fontspec: feature '+smcp' for language 'DFLT' and script 'latn' exists in font 
'Arno Pro'
fontspec: feature '+smcp' for language 'DFLT' and script 'latn' exists in font 
'Arno Pro'
luaotfload | load font: font family='arnopro', subfamily='regular' found: /home
/hotaru/.fonts/licenced-for-harnham/ArnoPro/Arno Pro/ArnoPro-Regular.otf
.................................................
. fontspec info: "no-font-shape"
. 
. Could not resolve font ArnoPro/B (it probably doesn't exist).
.................................................
luaotfload | load font: font family='arnopro', subfamily='regular' found: /home
/hotaru/.fonts/licenced-for-harnham/ArnoPro/Arno Pro/ArnoPro-Regular.otf
luaotfload | load font: font family='arnopro', subfamily='italic' found: /home/
hotaru/.fonts/licenced-for-harnham/ArnoPro/Arno Pro Italic/ArnoPro-Italic.otf(l
oad: /home/hotaru/.texlive2011/texmf-var/luatex-cache/generic/fonts/otf/temp-ar
nopro-italic.lua)
luaotfload | load font: font family='arnopro', subfamily='italic' found: /home/
hotaru/.fonts/licenced-for-harnham/ArnoPro/Arno Pro Italic/ArnoPro-Italic.otf
fontspec: feature '+smcp' for language 'DFLT' and script 'latn' exists in font 
'Arno Pro Italic'
fontspec: feature '+smcp' for language 'DFLT' and script 'latn' exists in font 
'Arno Pro Italic'
luaotfload | load font: font family='arnopro', subfamily='regular' found: /home
/hotaru/.fonts/licenced-for-harnham/ArnoPro/Arno Pro/ArnoPro-Regular.otf
.................................................
. fontspec info: "no-font-shape"
. 
. Could not resolve font ArnoPro/BI (it probably doesn't exist).
.................................................
.................................................
. fontspec info: "defining-font"
. 
. Font family 'ArnoPro(0)' created for font 'Arno Pro' with options [Ligatures
. = TeX].
. 
. This font family consists of the following shapes:
. 
. * 'normal' with NFSS spec.:
. <->"name:ArnoPro:mode=node;script=latn;language=DFLT;+tlig;+trep;"
. 
. * 'small caps' with NFSS spec.:
. <->"name:ArnoPro:mode=node;script=latn;language=DFLT;+tlig;+trep;+smcp;"
. 
. * 'italic' with NFSS spec.:
. <->"name:ArnoPro/I:mode=node;script=latn;language=DFLT;+tlig;+trep;"
. 
. * 'italic small caps' with NFSS spec.:
. <->"name:ArnoPro/I:mode=node;script=latn;language=DFLT;+tlig;+trep;+smcp;"
.................................................
luaotfload | load font: font family='arnopro', subfamily='regular' found: /home
/hotaru/.fonts/licenced-for-harnham/ArnoPro/Arno Pro/ArnoPro-Regular.otf
luaotfload | load font: font family='arnopro', subfamily='regular' found: /home
/hotaru/.fonts/licenced-for-harnham/ArnoPro/Arno Pro/ArnoPro-Regular.otf
fontspec: script 'latn' exists in font 'Arno Pro'
fontspec: script 'latn' exists in font 'Arno Pro'
.................................................
. fontspec info: "defining-font"
. 
. Font family 'ArnoPro(0)' created for font 'Arno Pro' with options [Ligatures
. = TeX].
. 
. This font family consists of the following shapes:
.................................................
luaotfload | load font: font family='arnopro', subfamily='regular' found: /home
/hotaru/.fonts/licenced-for-harnham/ArnoPro/Arno Pro/ArnoPro-Regular.otf
luaotfload | load font: font family='arnopro', subfamily='regular' found: /home
/hotaru/.fonts/licenced-for-harnham/ArnoPro/Arno Pro/ArnoPro-Regular.otf
fontspec: script 'latn' exists in font 'Arno Pro'
fontspec: script 'latn' exists in font 'Arno Pro'
.................................................
. fontspec info: "defining-font"
. 
. Font family 'ArnoPro(0)' created for font 'Arno Pro' with options [Ligatures
. = TeX].
. 
. This font family consists of the following shapes:
.................................................
luaotfload | load font: font family='arnopro', subfamily='regular' found: /home
/hotaru/.fonts/licenced-for-harnham/ArnoPro/Arno Pro/ArnoPro-Regular.otf
luaotfload | load font: font family='arnopro', subfamily='regular' found: /home
/hotaru/.fonts/licenced-for-harnham/ArnoPro/Arno Pro/ArnoPro-Regular.otf
fontspec: script 'latn' exists in font 'Arno Pro'
fontspec: script 'latn' exists in font 'Arno Pro'
.................................................
. fontspec info: "defining-font"
. 
. Font family 'ArnoPro(0)' created for font 'Arno Pro' with options [Ligatures
. = TeX].
. 
. This font family consists of the following shapes:
.................................................
luaotfload | load font: font family='arnopro', subfamily='regular' found: /home
/hotaru/.fonts/licenced-for-harnham/ArnoPro/Arno Pro/ArnoPro-Regular.otf
luaotfload | load font: font family='arnopro', subfamily='regular' found: /home
/hotaru/.fonts/licenced-for-harnham/ArnoPro/Arno Pro/ArnoPro-Regular.otf
fontspec: script 'latn' exists in font 'Arno Pro'
fontspec: script 'latn' exists in font 'Arno Pro'
.................................................
. fontspec info: "defining-font"
. 
. Font family 'ArnoPro(0)' created for font 'Arno Pro' with options [Ligatures
. = TeX].
. 
. This font family consists of the following shapes:
.................................................
luaotfload | load font: font family='gentium', subfamily='regular' found: GenR1
02.ttf
luaotfload | load font: font family='gentium', subfamily='regular' found: GenR1
02.ttf
fontspec: script 'latn' exists in font 'Gentium'
fontspec: script 'latn' exists in font 'Gentium'
luaotfload | load font: font family='gentium', subfamily='regular' found: GenR1
02.ttf
luaotfload | load font: font family='gentium', subfamily='regular' found: GenR1
02.ttf
luaotfload | load font: font family='gentium', subfamily='regular' found: GenR1
02.ttf
luaotfload | load font: font family='gentium', subfamily='italic' found: GenI10
2.ttf
luaotfload | load font: font family='gentium', subfamily='italic' found: GenI10
2.ttf
luaotfload | load font: font family='gentium', subfamily='regular' found: GenR1
02.ttf
.................................................
. fontspec info: "defining-font"
. 
. Font family 'Gentium(1)' created for font 'Gentium' with options [Ligatures
. = TeX].
. 
. This font family consists of the following shapes:
. 
. * 'normal' with NFSS spec.:
. <->"name:Gentium:mode=node;script=latn;language=DFLT;+tlig;+trep;"
. 
. * 'bold' with NFSS spec.:
. <->"name:Gentium/B:mode=node;script=latn;language=DFLT;+tlig;+trep;"
. 
. * 'italic' with NFSS spec.:
. <->"name:Gentium/I:mode=node;script=latn;language=DFLT;+tlig;+trep;"
. 
. * 'bold italic' with NFSS spec.:
. <->"name:Gentium/BI:mode=node;script=latn;language=DFLT;+tlig;+trep;"
.................................................
luaotfload | load font: font family='gentium', subfamily='regular' found: GenR1
02.ttf
luaotfload | load font: font family='gentium', subfamily='regular' found: GenR1
02.ttf
fontspec: script 'latn' exists in font 'Gentium'
fontspec: script 'latn' exists in font 'Gentium'
.................................................
. fontspec info: "defining-font"
. 
. Font family 'Gentium(1)' created for font 'Gentium' with options [Ligatures
. = TeX].
. 
. This font family consists of the following shapes:
.................................................
luaotfload | load font: auto-selecting default features for script: dflt (was l
atn)
luaotfload | load font: font family='gentium', subfamily='regular' found: GenR1
02.ttf
(/home/hotaru/texlive/2011/texmf-dist/tex/latex/tools/multicol.sty
Package: multicol 2011/06/27 v1.7a multicolumn formatting (FMi)
\c@tracingmulticols=\count381
\mult@box=\box274
\multicol@leftmargin=\dimen342
\c@unbalance=\count382
\c@collectmore=\count383
\doublecol@number=\count384
\multicoltolerance=\count385
\multicolpretolerance=\count386
\full@width=\dimen343
\page@free=\dimen344
\premulticols=\dimen345
\postmulticols=\dimen346
\multicolsep=\skip263
\multicolbaselineskip=\skip264
\partial@page=\box275
\last@line=\box276
\mult@rightbox=\box277
\mult@grightbox=\box278
\mult@gfirstbox=\box279
\mult@firstbox=\box280
\@tempa=\box281
\@tempa=\box282
\@tempa=\box283
\@tempa=\box284
\@tempa=\box285
\@tempa=\box286
\@tempa=\box287
\@tempa=\box288
\@tempa=\box289
\@tempa=\box290
\@tempa=\box291
\@tempa=\box292
\@tempa=\box293
\@tempa=\box294
\@tempa=\box295
\@tempa=\box296
\@tempa=\box297
\c@columnbadness=\count387
\c@finalcolumnbadness=\count388
\last@try=\dimen347
\multicolovershoot=\dimen348
\multicolundershoot=\dimen349
\mult@nat@firstbox=\box298
\colbreak@box=\box299
\multicol@sort@counter=\count389
)
(/home/hotaru/texlive/2011/texmf-dist/tex/latex/lettrine/lettrine.sty
File: lettrine.sty 2007/08/08 v1.62 (Daniel Flipo)
\c@DefaultLines=\count390
\DefaultFindent=\dimen350
\DefaultNindent=\dimen351
\DefaultSlope=\dimen352
\L@lbox=\box300
\L@tbox=\box301
\c@L@lines=\count391
\L@Pindent=\dimen353
\L@Findent=\dimen354
\L@Nindent=\dimen355
\L@lraise=\dimen356
\L@first=\dimen357
\L@next=\dimen358
\L@slope=\dimen359
\L@height=\dimen360
\LettrineWidth=\dimen361

Loading lettrine.cfg
(/home/hotaru/texlive/2011/texmf-dist/tex/latex/lettrine/lettrine.cfg))
(/home/hotaru/texlive/2011/texmf-dist/tex/latex/geometry/geometry.sty
Package: geometry 2010/09/12 v5.6 Page Geometry

(/home/hotaru/texlive/2011/texmf-dist/tex/generic/oberdiek/ifvtex.sty
Package: ifvtex 2010/03/01 v1.5 Switches for detecting VTeX and its modes (HO)
Package ifvtex Info: VTeX not detected.
)
\Gm@cnth=\count392
\Gm@cntv=\count393
\c@Gm@tempcnt=\count394
\Gm@bindingoffset=\dimen362
\Gm@wd@mp=\dimen363
\Gm@odd@mp=\dimen364
\Gm@even@mp=\dimen365
\Gm@layoutwidth=\dimen366
\Gm@layoutheight=\dimen367
\Gm@layouthoffset=\dimen368
\Gm@layoutvoffset=\dimen369
\Gm@dimlist=\toks40
)

Package geometry Warning: \topskip was changed from 11.0pt to 11.19995pt.

(/home/hotaru/texlive/2011/texmf-dist/tex/latex/hyperref/hyperref.sty
Package: hyperref 2011/12/04 v6.82m Hypertext links for LaTeX

(/home/hotaru/texlive/2011/texmf-dist/tex/generic/oberdiek/hobsub-hyperref.sty
Package: hobsub-hyperref 2011/04/23 v1.4 Bundle oberdiek, subset hyperref (HO)

(/home/hotaru/texlive/2011/texmf-dist/tex/generic/oberdiek/hobsub-generic.sty
Package: hobsub-generic 2011/04/23 v1.4 Bundle oberdiek, subset generic (HO)
Package: hobsub 2011/04/23 v1.4 Subsetting bundle oberdiek (HO)
Package hobsub Info: Skipping package `infwarerr' (already loaded).
Package hobsub Info: Skipping package `ltxcmds' (already loaded).
Package hobsub Info: Skipping package `ifluatex' (already loaded).
Package hobsub Info: Skipping package `ifvtex' (already loaded).
Package: intcalc 2007/09/27 v1.1 Expandable integer calculations (HO)
Package hobsub Info: Skipping package `ifpdf' (already loaded).
Package: etexcmds 2011/02/16 v1.5 Prefix for e-TeX command names (HO)
Package: kvsetkeys 2011/04/07 v1.13 Key value parser (HO)
Package: kvdefinekeys 2011/04/07 v1.3 Defining keys (HO)
Package hobsub Info: Skipping package `luatex-loader' (already loaded).
Package hobsub Info: Skipping package `pdftexcmds' (already loaded).
Package: pdfescape 2011/04/04 v1.12 Provides string conversions (HO)
Package: bigintcalc 2011/01/30 v1.2 Expandable big integer calculations (HO)
Package: bitset 2011/01/30 v1.1 Data type bit set (HO)
Package: uniquecounter 2011/01/30 v1.2 Provides unlimited unique counter (HO)
)
Package hobsub Info: Skipping package `hobsub' (already loaded).
Package: letltxmacro 2010/09/02 v1.4 Let assignment for LaTeX macros (HO)
Package: hopatch 2011/01/30 v1.0 Wrapper for package hooks (HO)
Package: xcolor-patch 2011/01/30 xcolor patch
Package: atveryend 2011/04/23 v1.7 Hooks at very end of document (HO)
Package hobsub Info: Skipping package `atbegshi' (already loaded).
Package: refcount 2010/12/01 v3.2 Data extraction from references (HO)
Package: hycolor 2011/01/30 v1.7 Color options of hyperref/bookmark (HO)
) (/home/hotaru/texlive/2011/texmf-dist/tex/latex/oberdiek/kvoptions.sty
Package: kvoptions 2010/12/23 v3.10 Keyval support for LaTeX options (HO)
)
\@linkdim=\dimen370
\Hy@linkcounter=\count395
\Hy@pagecounter=\count396

(/home/hotaru/texlive/2011/texmf-dist/tex/latex/hyperref/pd1enc.def
File: pd1enc.def 2011/12/04 v6.82m Hyperref: PDFDocEncoding definition (HO)
)
\Hy@SavedSpaceFactor=\count397

(/home/hotaru/texlive/2011/texmf-dist/tex/latex/latexconfig/hyperref.cfg
File: hyperref.cfg 2002/06/06 v1.2 hyperref configuration of TeXLive
)
Package hyperref Info: Option `final' set `true' on input line 3925.
Package hyperref Info: Hyper figures OFF on input line 4046.
Package hyperref Info: Link nesting OFF on input line 4051.
Package hyperref Info: Hyper index ON on input line 4054.
Package hyperref Info: Plain pages OFF on input line 4061.
Package hyperref Info: Backreferencing OFF on input line 4066.
Package hyperref Info: Implicit mode ON; LaTeX internals redefined.
Package hyperref Info: Bookmarks ON on input line 4284.
\c@Hy@tempcnt=\count398

(/home/hotaru/texlive/2011/texmf-dist/tex/latex/url/url.sty
\Urlmuskip=\muskip10
Package: url 2006/04/12  ver 3.3  Verb mode for urls, etc.
)
LaTeX Info: Redefining \url on input line 4637.
\Fld@menulength=\count399
\Field@Width=\dimen371
\Fld@charsize=\dimen372
Package hyperref Info: Hyper figures OFF on input line 5757.
Package hyperref Info: Link nesting OFF on input line 5762.
Package hyperref Info: Hyper index ON on input line 5765.
Package hyperref Info: backreferencing OFF on input line 5772.
Package hyperref Info: Link coloring OFF on input line 5777.
Package hyperref Info: Link coloring with OCG OFF on input line 5782.
Package hyperref Info: PDF/A mode OFF on input line 5787.
LaTeX Info: Redefining \ref on input line 5827.
LaTeX Info: Redefining \pageref on input line 5831.
\Hy@abspage=\count400
\c@Item=\count401
\c@Hfootnote=\count402
)
(/home/hotaru/texlive/2011/texmf-dist/tex/latex/memoir/memhfixc.sty
Package: memhfixc 2010/08/17 v1.15 nameref/hyperref package fixes for memoir cl
ass
\c@memhycontfloat=\count403
)

Package hyperref Message: Driver (autodetected): hpdftex.

(/home/hotaru/texlive/2011/texmf-dist/tex/latex/hyperref/hpdftex.def
File: hpdftex.def 2011/12/04 v6.82m Hyperref driver for pdfTeX
\Fld@listcount=\count404
\c@bookmark@seq@number=\count405

(/home/hotaru/texlive/2011/texmf-dist/tex/latex/oberdiek/rerunfilecheck.sty
Package: rerunfilecheck 2011/04/15 v1.7 Rerun checks for auxiliary files (HO)
Package uniquecounter Info: New unique counter `rerunfilecheck' on input line 2
82.
)
\Hy@SectionHShift=\skip265
)
Package hyperref Info: Option `colorlinks' set `true' on input line 140.
Package hyperref Info: Option `unicode' set `true' on input line 140.

(/home/hotaru/texlive/2011/texmf-dist/tex/latex/hyperref/puenc.def
File: puenc.def 2011/12/04 v6.82m Hyperref: PDF Unicode definition (HO)
)
(/home/hotaru/texlive/2011/texmf-dist/tex/latex/oberdiek/bookmark.sty
Package: bookmark 2011/04/21 v1.21 PDF bookmarks (HO)

(/home/hotaru/texlive/2011/texmf-dist/tex/latex/oberdiek/auxhook.sty
Package: auxhook 2011/03/04 v1.3 Hooks for auxiliary files (HO)
)
(/home/hotaru/texlive/2011/texmf-dist/tex/latex/oberdiek/bkm-pdftex.def
File: bkm-pdftex.def 2011/04/21 v1.21 bookmark driver for pdfTeX (HO)
\BKM@id=\count406
))
(/home/hotaru/texlive/2011/texmf-dist/tex/latex/nowidow/nowidow.sty
Package: nowidow 2011/09/20 1.0 Easily prevent widows and orphans
Package: nowidow 
)
\quotepagebox=\box302
\toctopskip=\skip266
.................................................
. xparse info: "define-command"
. 
. Defining document command \Section with arg. spec. 'oom' on line 365.
.................................................

(/home/hotaru/texlive/2011/texmf-dist/tex/latex/footmisc/footmisc.sty
Package: footmisc 2011/06/06 v5.5b a miscellany of footnote facilities
\FN@temptoken=\toks41
\footnotemargin=\dimen373
\c@pp@next@reset=\count407
\c@@fnserial=\count408


LaTeX Warning: Command \@footnotemark  has changed.
               Check if current package is valid.

Package footmisc Info: Declaring symbol style bringhurst on input line 855.
Package footmisc Info: Declaring symbol style chicago on input line 863.
Package footmisc Info: Declaring symbol style wiley on input line 872.
Package footmisc Info: Declaring symbol style lamport-robust on input line 883.

Package footmisc Info: Declaring symbol style lamport* on input line 903.
Package footmisc Info: Declaring symbol style lamport*-robust on input line 924
.
) (/home/hotaru/texlive/2011/texmf-dist/tex/latex/microtype/microtype.sty
Package: microtype 2010/01/10 v2.4 Micro-typography with pdfTeX (RS)
\MT@toks=\toks42
\MT@count=\count409
LaTeX Info: Redefining \lsstyle on input line 1597.
LaTeX Info: Redefining \lslig on input line 1597.
\MT@outer@space=\skip267
LaTeX Info: Redefining \lsstyle on input line 1604.
LaTeX Info: Redefining \textls on input line 1605.
\MT@outer@kern=\dimen374
LaTeX Info: Redefining \textmicrotypecontext on input line 2156.
Package microtype Info: Loading configuration file microtype.cfg.

(/home/hotaru/texlive/2011/texmf-dist/tex/latex/microtype/microtype.cfg
File: microtype.cfg 2010/01/10 v2.4 microtype main configuration file (RS)
)))
(./book_main.aux)
LaTeX Font Info:    Checking defaults for OML/cmm/m/it on input line 29.
LaTeX Font Info:    ... okay on input line 29.
LaTeX Font Info:    Checking defaults for T1/cmr/m/n on input line 29.
LaTeX Font Info:    ... okay on input line 29.
LaTeX Font Info:    Checking defaults for OT1/cmr/m/n on input line 29.
LaTeX Font Info:    ... okay on input line 29.
LaTeX Font Info:    Checking defaults for OMS/cmsy/m/n on input line 29.
LaTeX Font Info:    ... okay on input line 29.
LaTeX Font Info:    Checking defaults for OMX/cmex/m/n on input line 29.
LaTeX Font Info:    ... okay on input line 29.
LaTeX Font Info:    Checking defaults for U/cmr/m/n on input line 29.
LaTeX Font Info:    ... okay on input line 29.
LaTeX Font Info:    Checking defaults for LGR/cmr/m/n on input line 29.
LaTeX Font Info:    Try loading font information for LGR+cmr on input line 29.

(/home/hotaru/texlive/2011/texmf-dist/tex/generic/babel/lgrcmr.fd
File: lgrcmr.fd 2008/06/17 v2.3 Greek Computer Modern
)
LaTeX Font Info:    ... okay on input line 29.
LaTeX Font Info:    Checking defaults for TS1/cmr/m/n on input line 29.
LaTeX Font Info:    Try loading font information for TS1+cmr on input line 29.

(/home/hotaru/texlive/2011/texmf-dist/tex/latex/base/ts1cmr.fd
File: ts1cmr.fd 1999/05/25 v2.5h Standard LaTeX font definitions
)
LaTeX Font Info:    ... okay on input line 29.
LaTeX Font Info:    Checking defaults for EU2/lmr/m/n on input line 29.
LaTeX Font Info:    ... okay on input line 29.
LaTeX Font Info:    Checking defaults for T3/cmr/m/n on input line 29.
LaTeX Font Info:    Try loading font information for T3+cmr on input line 29.

(/home/hotaru/texlive/2011/texmf-dist/tex/latex/tipa/t3cmr.fd
File: t3cmr.fd 2001/12/31 TIPA font definitions
)
LaTeX Font Info:    ... okay on input line 29.
LaTeX Font Info:    Checking defaults for PD1/pdf/m/n on input line 29.
LaTeX Font Info:    ... okay on input line 29.
LaTeX Font Info:    Checking defaults for PU/pdf/m/n on input line 29.
LaTeX Font Info:    ... okay on input line 29.

(/home/hotaru/texlive/2011/texmf-dist/tex/context/base/supp-pdf.mkii
[Loading MPS to PDF converter (version 2006.09.02).]
\scratchcounter=\count410
\scratchdimen=\dimen375
\scratchbox=\box303
\nofMPsegments=\count411
\nofMParguments=\count412
\everyMPshowfont=\toks43
\MPscratchCnt=\count413
\MPscratchDim=\dimen376
\MPnumerator=\count414
\makeMPintoPDFobject=\count415
\everyMPtoPDFconversion=\toks44
) (/home/hotaru/texlive/2011/texmf-dist/tex/latex/oberdiek/epstopdf-base.sty
Package: epstopdf-base 2010/02/09 v2.5 Base part for package epstopdf

(/home/hotaru/texlive/2011/texmf-dist/tex/latex/oberdiek/grfext.sty
Package: grfext 2010/08/19 v1.1 Managing graphics extensions (HO)
)
Package grfext Info: Graphics extension search list:
(grfext)             [.png,.pdf,.jpg,.mps,.jpeg,.jbig2,.jb2,.PNG,.PDF,.JPG,.JPE
G,.JBIG2,.JB2,.eps]
(grfext)             \AppendGraphicsExtensions on input line 452.

(/home/hotaru/texlive/2011/texmf-dist/tex/latex/latexconfig/epstopdf-sys.cfg
File: epstopdf-sys.cfg 2010/07/13 v1.3 Configuration of (r)epstopdf for TeX Liv
e
))
\AtBeginShipoutBox=\box304

ABD: EveryShipout initializing macros
.................................................
. fontspec info: "setup-math"
. 
. Adjusting the maths setup (use [no-math] to avoid this).
.................................................
\symlegacymaths=\mathgroup4
LaTeX Font Info:    Overwriting symbol font `legacymaths' in version `bold'
(Font)                  OT1/cmr/m/n --> OT1/cmr/bx/n on input line 29.
LaTeX Font Info:    Redeclaring math accent \acute on input line 29.
LaTeX Font Info:    Redeclaring math accent \grave on input line 29.
LaTeX Font Info:    Redeclaring math accent \ddot on input line 29.
LaTeX Font Info:    Redeclaring math accent \tilde on input line 29.
LaTeX Font Info:    Redeclaring math accent \bar on input line 29.
LaTeX Font Info:    Redeclaring math accent \breve on input line 29.
LaTeX Font Info:    Redeclaring math accent \check on input line 29.
LaTeX Font Info:    Redeclaring math accent \hat on input line 29.
LaTeX Font Info:    Redeclaring math accent \dot on input line 29.
LaTeX Font Info:    Redeclaring math accent \mathring on input line 29.
LaTeX Font Info:    Redeclaring math symbol \colon on input line 29.
LaTeX Font Info:    Redeclaring math symbol \Gamma on input line 29.
LaTeX Font Info:    Redeclaring math symbol \Delta on input line 29.
LaTeX Font Info:    Redeclaring math symbol \Theta on input line 29.
LaTeX Font Info:    Redeclaring math symbol \Lambda on input line 29.
LaTeX Font Info:    Redeclaring math symbol \Xi on input line 29.
LaTeX Font Info:    Redeclaring math symbol \Pi on input line 29.
LaTeX Font Info:    Redeclaring math symbol \Sigma on input line 29.
LaTeX Font Info:    Redeclaring math symbol \Upsilon on input line 29.
LaTeX Font Info:    Redeclaring math symbol \Phi on input line 29.
LaTeX Font Info:    Redeclaring math symbol \Psi on input line 29.
LaTeX Font Info:    Redeclaring math symbol \Omega on input line 29.
LaTeX Font Info:    Redeclaring math symbol \mathdollar on input line 29.
LaTeX Font Info:    Redeclaring symbol font `operators' on input line 29.
LaTeX Font Info:    Encoding `OT1' has changed to `EU2' for symbol font
(Font)              `operators' in the math version `normal' on input line 29.
LaTeX Font Info:    Overwriting symbol font `operators' in version `normal'
(Font)                  OT1/cmr/m/n --> EU2/Gentium(0)/m/n on input line 29.
LaTeX Font Info:    Encoding `OT1' has changed to `EU2' for symbol font
(Font)              `operators' in the math version `bold' on input line 29.
LaTeX Font Info:    Overwriting symbol font `operators' in version `bold'
(Font)                  OT1/cmr/bx/n --> EU2/Gentium(0)/m/n on input line 29.
LaTeX Font Info:    Overwriting symbol font `operators' in version `normal'
(Font)                  EU2/Gentium(0)/m/n --> EU2/Gentium(0)/m/n on input line
 29.
LaTeX Font Info:    Overwriting math alphabet `\mathrm' in version `normal'
(Font)                  EU2/Gentium(0)/m/n --> EU2/Gentium(0)/m/n on input line
 29.
LaTeX Font Info:    Overwriting math alphabet `\mathit' in version `normal'
(Font)                  OT1/cmr/m/it --> EU2/Gentium(0)/m/it on input line 29.
LaTeX Font Info:    Overwriting math alphabet `\mathbf' in version `normal'
(Font)                  OT1/cmr/bx/n --> EU2/Gentium(0)/bx/n on input line 29.
LaTeX Font Info:    Overwriting math alphabet `\mathsf' in version `normal'
(Font)                  OT1/cmss/m/n --> EU2/lmss/m/n on input line 29.
LaTeX Font Info:    Overwriting math alphabet `\mathtt' in version `normal'
(Font)                  OT1/cmtt/m/n --> EU2/lmtt/m/n on input line 29.
LaTeX Font Info:    Overwriting symbol font `operators' in version `bold'
(Font)                  EU2/Gentium(0)/m/n --> EU2/Gentium(0)/bx/n on input lin
e 29.
LaTeX Font Info:    Overwriting math alphabet `\mathrm' in version `bold'
(Font)                  EU2/Gentium(0)/m/n --> EU2/Gentium(0)/bx/n on input lin
e 29.
LaTeX Font Info:    Overwriting math alphabet `\mathit' in version `bold'
(Font)                  OT1/cmr/bx/it --> EU2/Gentium(0)/bx/it on input line 29
.
LaTeX Font Info:    Overwriting math alphabet `\mathsf' in version `bold'
(Font)                  OT1/cmss/bx/n --> EU2/lmss/bx/n on input line 29.
LaTeX Font Info:    Overwriting math alphabet `\mathtt' in version `bold'
(Font)                  OT1/cmtt/m/n --> EU2/lmtt/bx/n on input line 29.

*geometry* driver: auto-detecting
*geometry* detected driver: pdftex
*geometry* verbose mode - [ preamble ] result:
* driver: pdftex
* paper: custom
* layout: <same size as paper>
* layoutoffset:(h,v)=(0.0pt,0.0pt)
* lines: 27
* modes: twoside 
* h-part:(L,W,R)=(60.74664pt, 270.30118pt, 48.36967pt)
* v-part:(T,H,B)=(60.384pt, 427.19995pt, 90.57603pt)
* \paperwidth=379.4175pt
* \paperheight=578.15999pt
* \textwidth=270.30118pt
* \textheight=427.19995pt
* \oddsidemargin=-11.52335pt
* \evensidemargin=-23.90031pt
* \topmargin=-45.35979pt
* \headheight=18.6pt
* \headsep=19.8738pt
* \topskip=11.19995pt
* \footskip=27.46295pt
* \marginparwidth=111.0pt
* \marginparsep=7.0pt
* \columnsep=10.0pt
* \skip\footins=12.0pt plus 4.0pt minus 4.0pt
* \hoffset=0.0pt
* \voffset=0.0pt
* \mag=1000
* \@twocolumnfalse
* \@twosidetrue
* \@mparswitchtrue
* \@reversemarginfalse
* (1in=72.27pt=25.4mm, 1cm=28.453pt)

Package hyperref Info: Link coloring ON on input line 29.
(/home/hotaru/texlive/2011/texmf-dist/tex/latex/hyperref/nameref.sty
Package: nameref 2010/04/30 v2.40 Cross-referencing by name of section

(/home/hotaru/texlive/2011/texmf-dist/tex/generic/oberdiek/gettitlestring.sty
Package: gettitlestring 2010/12/03 v1.4 Cleanup title references (HO)
)
\c@section@level=\count416
)
Redoing nameref's sectioning
Redoing nameref's label
LaTeX Info: Redefining \nameref on input line 29.
LaTeX Info: Redefining \ref on input line 29.
LaTeX Info: Redefining \pageref on input line 29.
LaTeX Info: Redefining \nameref on input line 29.
LaTeX Info: Redefining \microtypecontext on input line 29.
Package microtype Info: Generating PDF output.
Package microtype Info: Character protrusion enabled (level 2).
Package microtype Info: Using default protrusion set `alltext'.
Package microtype Info: Automatic font expansion enabled (level 2),
(microtype)             stretch: 20, shrink: 20, step: 1, non-selected.
Package microtype Info: Using default expansion set `basictext'.
Package microtype Info: No tracking.
Package microtype Info: No adjustment of interword spacing.
Package microtype Info: No adjustment of character kerning.
Package microtype Info: Redefining babel's language switching commands.
[1


] [2] [3


] (./src-tex/about.tex
luaotfload | load font: auto-selecting default features for script: dflt (was l
atn)
luaotfload | load font: font family='gentium', subfamily='regular' found: GenR1
02.ttf
luaotfload | load font: auto-selecting default features for script: dflt (was l
atn)
luaotfload | load font: font family='arnopro', subfamily='regular' found: /home
/hotaru/.fonts/licenced-for-harnham/ArnoPro/Arno Pro/ArnoPro-Regular.otf
luaotfload | load font: auto-selecting default features for script: dflt (was l
atn)
luaotfload | load font: font family='arnopro', subfamily='regular' found: /home
/hotaru/.fonts/licenced-for-harnham/ArnoPro/Arno Pro/ArnoPro-Regular.otf
luaotfload | load font: auto-selecting default features for script: dflt (was l
atn)
luaotfload | load font: font family='gentium', subfamily='italic' found: GenI10
2.ttf [4{/home/hotaru/texlive/2011/texmf-var/fonts/map/pdftex/updmap/pdftex.map
}]
luaotfload | load font: auto-selecting default features for script: dflt (was l
atn)
luaotfload | load font: font family='arnopro', subfamily='regular' found: /home
/hotaru/.fonts/licenced-for-harnham/ArnoPro/Arno Pro/ArnoPro-Regular.otf) [5

] [6

] (./src-tex/titlepage.tex
luaotfload | load font: auto-selecting default features for script: dflt (was l
atn)
luaotfload | load font: font family='arnopro', subfamily='regular' found: /home
/hotaru/.fonts/licenced-for-harnham/ArnoPro/Arno Pro/ArnoPro-Regular.otf) [7]
(./src-tex/copyright.tex
luaotfload | load font: auto-selecting default features for script: dflt (was l
atn)
luaotfload | load font: font family='gentium', subfamily='regular' found: GenR1
02.ttf
LaTeX Font Info:    Try loading font information for EU2+cms on input line 35.
LaTeX Font Info:    No file EU2cms.fd. on input line 35.


LaTeX Font Warning: Font shape `EU2/cms/m/n' undefined
(Font)              using `EU2/lmr/m/n' instead on input line 35.

luaotfload | load font: auto-selecting default features for script: dflt (was l
atn)(load: /home/hotaru/.texlive2011/texmf-var/luatex-cache/generic/fonts/otf/t
emp-lmroman7-regular.lua)
(/home/hotaru/texlive/2011/texmf-dist/tex/latex/microtype/mt-cmr.cfg
File: mt-cmr.cfg 2009/11/09 v2.0 microtype config. file: Computer Modern Roman 
(RS)
)
luaotfload | load font: auto-selecting default features for script: dflt (was l
atn)
luaotfload | load font: auto-selecting default features for script: dflt (was l
atn)
luaotfload | load font: font family='gentium', subfamily='regular' found: GenR1
02.ttf
LaTeX Font Info:    External font `cmex10' loaded for size
(Font)              <7> on input line 35.
LaTeX Font Info:    External font `cmex10' loaded for size
(Font)              <5> on input line 35.
luaotfload | load font: auto-selecting default features for script: dflt (was l
atn)(load: /home/hotaru/.texlive2011/texmf-var/luatex-cache/generic/fonts/otf/t
emp-lmroman5-regular.lua)
luaotfload | load font: auto-selecting default features for script: dflt (was l
atn)
luaotfload | load font: font family='gentium', subfamily='italic' found: GenI10
2.ttf) [8

] (./src-tex/acknowledgements.tex
luaotfload | load font: auto-selecting default features for script: dflt (was l
atn)
luaotfload | load font: font family='gentium', subfamily='regular' found: GenR1
02.ttf
luaotfload | load font: auto-selecting default features for script: dflt (was l
atn)
luaotfload | load font: font family='gentium', subfamily='regular' found: GenR1
02.ttf
LaTeX Font Info:    External font `cmex10' loaded for size
(Font)              <10.95> on input line 20.
LaTeX Font Info:    External font `cmex10' loaded for size
(Font)              <8> on input line 20.
LaTeX Font Info:    External font `cmex10' loaded for size
(Font)              <6> on input line 20.
) [9

] [10

]
luaotfload | load font: auto-selecting default features for script: dflt (was l
atn)
luaotfload | load font: font family='arnopro', subfamily='regular' found: /home
/hotaru/.fonts/licenced-for-harnham/ArnoPro/Arno Pro/ArnoPro-Regular.otf
luaotfload | load font: auto-selecting default features for script: dflt (was l
atn)
luaotfload | load font: font family='arnopro', subfamily='regular' found: /home
/hotaru/.fonts/licenced-for-harnham/ArnoPro/Arno Pro/ArnoPro-Regular.otf (./boo
k_main.toc
luaotfload | load font: auto-selecting default features for script: dflt (was l
atn)
luaotfload | load otf: loading: /home/hotaru/.fonts/Gentium102/GenR102.TTF (has
h: genr102)
luaotfload | load otf: font loaded okay
luaotfload | load otf: file size: 362664
luaotfload | load otf: enhancing ...
luaotfload | load otf: saving in cache: /home/hotaru/.fonts/Gentium102/GenR102.
TTF(save: /home/hotaru/.texlive2011/texmf-var/luatex-cache/generic/fonts/otf/te
mp-genr102.lua)
luaotfload | load font: auto-selecting default features for script: dflt (was l
atn)
luaotfload | load font: font family='gentium', subfamily='regular' found: GenR1
02.ttf
luaotfload | load font: auto-selecting default features for script: dflt (was l
atn)
luaotfload | load font: font family='gentium', subfamily='regular' found: GenR1
02.ttf
luaotfload | load font: auto-selecting default features for script: dflt (was l
atn)
LaTeX Font Info:    External font `cmex10' loaded for size
(Font)              <12> on input line 4.
 [11])
luaotfload | load font: auto-selecting default features for script: dflt (was l
atn)
luaotfload | load font: font family='arnopro', subfamily='italic' found: /home/
hotaru/.fonts/licenced-for-harnham/ArnoPro/Arno Pro Italic/ArnoPro-Italic.otf
luaotfload | load font: auto-selecting default features for script: dflt (was l
atn)
luaotfload | load font: font family='arnopro', subfamily='italic' found: /home/
hotaru/.fonts/licenced-for-harnham/ArnoPro/Arno Pro Italic/ArnoPro-Italic.otf [
12]
luaotfload | load font: auto-selecting default features for script: dflt (was l
atn)
luaotfload | load font: font family='arnopro', subfamily='regular' found: /home
/hotaru/.fonts/licenced-for-harnham/ArnoPro/Arno Pro/ArnoPro-Regular.otf
LaTeX Font Info:    Calculating math sizes for size <22> on input line 96.
luaotfload | load font: auto-selecting default features for script: dflt (was l
atn)
luaotfload | load font: font family='gentium', subfamily='regular' found: GenR1
02.ttf
luaotfload | load font: auto-selecting default features for script: dflt (was l
atn)
luaotfload | load font: font family='gentium', subfamily='regular' found: GenR1
02.ttf
luaotfload | load font: auto-selecting default features for script: dflt (was l
atn)
luaotfload | load font: font family='gentium', subfamily='regular' found: GenR1
02.ttf

LaTeX Font Warning: Font shape `OML/cmm/m/it' in size <22> not available
(Font)              size <20.74> substituted on input line 96.


LaTeX Font Warning: Font shape `OML/cmm/m/it' in size <15.39993> not available
(Font)              size <14.4> substituted on input line 96.


LaTeX Font Warning: Font shape `OMS/cmsy/m/n' in size <22> not available
(Font)              size <20.74> substituted on input line 96.


LaTeX Font Warning: Font shape `OMS/cmsy/m/n' in size <15.39993> not available
(Font)              size <14.4> substituted on input line 96.

LaTeX Font Info:    External font `cmex10' loaded for size
(Font)              <22> on input line 96.
LaTeX Font Info:    External font `cmex10' loaded for size
(Font)              <15.39993> on input line 96.
LaTeX Font Info:    External font `cmex10' loaded for size
(Font)              <11> on input line 96.

LaTeX Font Warning: Font shape `OT1/cmr/m/n' in size <22> not available
(Font)              size <20.74> substituted on input line 96.


LaTeX Font Warning: Font shape `OT1/cmr/m/n' in size <15.39993> not available
(Font)              size <14.4> substituted on input line 96.

(./src-tex/introduction.tex
luaotfload | load font: auto-selecting default features for script: dflt (was l
atn)
luaotfload | load font: font family='gentium', subfamily='regular' found: GenR1
02.ttf
LaTeX Font Info:    External font `cmex10' loaded for size
(Font)              <9> on input line 10.

Overfull \vbox (1.65826pt too high) has occurred while \output is active []


[13

]) [14] [15


] [16

] (./src-tex/a-note-before-you-begin.tex
Underfull \vbox (badness 10000) has occurred while \output is active []

 [17])
[18] [19

]
luaotfload | load font: auto-selecting default features for script: dflt (was l
atn)
luaotfload | load font: font family='gentium', subfamily='regular' found: GenR1
02.ttf [20] [21

] [22] (./src-tex/what-is-meditation.tex
Underfull \vbox (badness 1331) has occurred while \output is active []

 [23

]
[24] [25] [26] [27] [28]
Overfull \vbox (10.40001pt too high) has occurred while \output is active []


[29] [30] [31] [32]) [33] [34

] [35

] [36] (./src-tex/watching-the-breath.tex
Overfull \vbox (5.65826pt too high) has occurred while \output is active []


[37

] [38]) [39] [40

] (./src-tex/mantra-buddho.tex
Overfull \vbox (5.65826pt too high) has occurred while \output is active []


[41] [42] [43] [44]) [45] [46

] (./src-tex/effort-and-relaxation.tex
Underfull \vbox (badness 1331) has occurred while \output is active []

 [47]
Overfull \vbox (10.40001pt too high) has occurred while \output is active []


[48] [49] [50] [51] [52]) [53] [54

] (./src-tex/walking-mindfully.tex
Overfull \vbox (10.65826pt too high) has occurred while \output is active []


[55] [56]) [57] [58

] (./src-tex/kindness.tex
Underfull \vbox (badness 10000) has occurred while \output is active []

 [59]
[60] [61] [62]) [63] [64

] (./src-tex/mindfulness-of-the-ordinary.tex
Underfull \vbox (badness 1394) has occurred while \output is active []

 [65]
[66]
Overfull \vbox (10.40001pt too high) has occurred while \output is active []


[67]) [68] (./src-tex/listening-to-thought.tex
Underfull \vbox (badness 1331) has occurred while \output is active []

 [69

]
[70] [71] [72] [73] [74]) [75] [76

] (./src-tex/hindrances.tex [77] [78]
[79] [80]
Overfull \vbox (10.40001pt too high) has occurred while \output is active []


[81]) [82] (./src-tex/emptiness-and-form.tex
Underfull \vbox (badness 1331) has occurred while \output is active []

 [83

]
[84]
Overfull \vbox (0.40001pt too high) has occurred while \output is active []


[85] [86] [87]) [88] [89] [90

] (./src-tex/inner-vigilance.tex
Underfull \vbox (badness 10000) has occurred while \output is active []

 [91]
[92] [93] [94] [95]) [96] [97

] [98] [99

] [100] (./src-tex/need-for-wisdom.tex
[101

] [102] [103]
Overfull \vbox (10.40001pt too high) has occurred while \output is active []


[104] [105] [106] [107]) [108]
Overfull \vbox (10.40001pt too high) has occurred while \output is active []


[109] [110] [111] [112

] [113] [114

] [115] [116

] [117] [118

]
(./src-tex/copyright-details.tex
luaotfload | load font: auto-selecting default features for script: dflt (was l
atn)
luaotfload | load font: font family='arnopro', subfamily='regular' found: /home
/hotaru/.fonts/licenced-for-harnham/ArnoPro/Arno Pro/ArnoPro-Regular.otf
luaotfload | load font: auto-selecting default features for script: dflt (was l
atn)
luaotfload | load font: font family='arnopro', subfamily='regular' found: /home
/hotaru/.fonts/licenced-for-harnham/ArnoPro/Arno Pro/ArnoPro-Regular.otf
luaotfload | load font: auto-selecting default features for script: dflt (was l
atn)) [119] [120

] [121] [122]
No complaints by nag.
\tf@toc=\write5
Package atveryend Info: Empty hook `BeforeClearDocument' on input line 205.
Package atveryend Info: Empty hook `AfterLastShipout' on input line 205.
(./book_main.aux)
Package atveryend Info: Executing hook `AtVeryEndDocument' on input line 205.
Package atveryend Info: Empty hook `AtEndAfterFileList' on input line 205.


LaTeX Font Warning: Size substitutions with differences
(Font)              up to 1.26pt have occurred.


LaTeX Font Warning: Some font shapes were not available, defaults substituted.

 )

Here is how much of LuaTeX's memory you used:
 35397 strings out of 494987
 125002,794899 words of node,token memory allocated
 2465 words of node memory still in use:
   4 hlist, 1 vlist, 1 rule, 2 glue, 201 glyph, 107 attribute, 135 glue_spec, 1
07 attribute_list, 4 write, 1 pdf_colorstack nodes
   avail lists: 2:16305,3:279,4:1644,5:1138,6:7004,7:1425,8:22,9:273,10:1225
 37336 multiletter control sequences out of 65536+200000
 87 fonts using 10015219 bytes
 69i,12n,57p,705b,492s stack positions out of 5000i,500n,10000p,200000b,50000s
</home/hotaru/.fonts/licenced-for-harnham/ArnoPro/Arno Pro Italic/ArnoPro-Itali
c.otf></home/hotaru/.fonts/Gentium102/GenR102.TTF></home/hotaru/texlive/2011/te
xmf-dist/fonts/opentype/public/lm/lmroman5-regular.otf></home/hotaru/texlive/20
11/texmf-dist/fonts/opentype/public/lm/lmroman7-regular.otf></home/hotaru/texli
ve/2011/texmf-dist/fonts/truetype/public/gentium/GenI102.ttf></home/hotaru/texl
ive/2011/texmf-dist/fonts/truetype/public/gentium/GenR102.ttf></home/hotaru/.fo
nts/licenced-for-harnham/ArnoPro/Arno Pro/ArnoPro-Regular.otf></home/hotaru/tex
live/2011/texmf-dist/fonts/type1/public/ccicons/ccicons.pfb>
Output written on book_main.pdf (122 pages, 255860 bytes).

PDF statistics: 702 PDF objects out of 1000 (max. 8388607)
 550 compressed objects within 6 object streams
 147 named destinations out of 1000 (max. 131072)
 168 words of extra memory for PDF output out of 10000 (max. 10000000)

